INFO - 2023-10-20 06:58:39 --> Session: Class initialized using 'CodeIgniter\Session\Handlers\FileHandler' driver.
INFO - 2023-10-20 06:58:46 --> Session: Class initialized using 'CodeIgniter\Session\Handlers\FileHandler' driver.
INFO - 2023-10-20 06:58:46 --> Session: Class initialized using 'CodeIgniter\Session\Handlers\FileHandler' driver.
INFO - 2023-10-20 06:58:48 --> Session: Class initialized using 'CodeIgniter\Session\Handlers\FileHandler' driver.
INFO - 2023-10-20 06:58:50 --> Session: Class initialized using 'CodeIgniter\Session\Handlers\FileHandler' driver.
CRITICAL - 2023-10-20 06:58:54 --> Undefined variable $master_lingkungan
in APPPATH\Views\DataJemaat_Tambah.php on line 47.
 1 APPPATH\Views\DataJemaat_Tambah.php(47): CodeIgniter\Debug\Exceptions->errorHandler(2, 'Undefined variable $master_lingkungan', 'C:\\xampp\\htdocs\\gki_delima\\app\\Views\\DataJemaat_Tambah.php', 47)
 2 SYSTEMPATH\View\View.php(226): include('C:\\xampp\\htdocs\\gki_delima\\app\\Views\\DataJemaat_Tambah.php')
 3 SYSTEMPATH\View\View.php(229): CodeIgniter\View\View->CodeIgniter\View\{closure}()
 4 SYSTEMPATH\Common.php(1188): CodeIgniter\View\View->render('DataJemaat_Tambah.php', [], true)
 5 APPPATH\Controllers\DataJemaat.php(36): view('DataJemaat_Tambah.php', [...])
 6 SYSTEMPATH\CodeIgniter.php(919): App\Controllers\DataJemaat->getTambahData()
 7 SYSTEMPATH\CodeIgniter.php(494): CodeIgniter\CodeIgniter->runController(Object(App\Controllers\DataJemaat))
 8 SYSTEMPATH\CodeIgniter.php(353): CodeIgniter\CodeIgniter->handleRequest(null, Object(Config\Cache), false)
 9 FCPATH\index.php(79): CodeIgniter\CodeIgniter->run()
10 SYSTEMPATH\Commands\Server\rewrite.php(47): require_once('C:\\xampp\\htdocs\\gki_delima\\public\\index.php')
INFO - 2023-10-20 06:59:21 --> Session: Class initialized using 'CodeIgniter\Session\Handlers\FileHandler' driver.
CRITICAL - 2023-10-20 07:05:07 --> Undefined array key "status_anggota"
in APPPATH\Views\DataJemaat_Tambah.php on line 59.
 1 APPPATH\Views\DataJemaat_Tambah.php(59): CodeIgniter\Debug\Exceptions->errorHandler(2, 'Undefined array key "status_anggota"', 'C:\\xampp\\htdocs\\gki_delima\\app\\Views\\DataJemaat_Tambah.php', 59)
 2 SYSTEMPATH\View\View.php(226): include('C:\\xampp\\htdocs\\gki_delima\\app\\Views\\DataJemaat_Tambah.php')
 3 SYSTEMPATH\View\View.php(229): CodeIgniter\View\View->CodeIgniter\View\{closure}()
 4 SYSTEMPATH\Common.php(1188): CodeIgniter\View\View->render('DataJemaat_Tambah.php', [], true)
 5 APPPATH\Controllers\DataJemaat.php(40): view('DataJemaat_Tambah.php', [...])
 6 SYSTEMPATH\CodeIgniter.php(919): App\Controllers\DataJemaat->getTambahData()
 7 SYSTEMPATH\CodeIgniter.php(494): CodeIgniter\CodeIgniter->runController(Object(App\Controllers\DataJemaat))
 8 SYSTEMPATH\CodeIgniter.php(353): CodeIgniter\CodeIgniter->handleRequest(null, Object(Config\Cache), false)
 9 FCPATH\index.php(79): CodeIgniter\CodeIgniter->run()
10 SYSTEMPATH\Commands\Server\rewrite.php(47): require_once('C:\\xampp\\htdocs\\gki_delima\\public\\index.php')
INFO - 2023-10-20 07:05:29 --> Session: Class initialized using 'CodeIgniter\Session\Handlers\FileHandler' driver.
INFO - 2023-10-20 07:06:35 --> Session: Class initialized using 'CodeIgniter\Session\Handlers\FileHandler' driver.
INFO - 2023-10-20 07:06:36 --> Session: Class initialized using 'CodeIgniter\Session\Handlers\FileHandler' driver.
INFO - 2023-10-20 07:06:38 --> Session: Class initialized using 'CodeIgniter\Session\Handlers\FileHandler' driver.
INFO - 2023-10-20 07:06:40 --> Session: Class initialized using 'CodeIgniter\Session\Handlers\FileHandler' driver.
INFO - 2023-10-20 07:06:41 --> Session: Class initialized using 'CodeIgniter\Session\Handlers\FileHandler' driver.
INFO - 2023-10-20 07:06:44 --> Session: Class initialized using 'CodeIgniter\Session\Handlers\FileHandler' driver.
INFO - 2023-10-20 07:06:51 --> Session: Class initialized using 'CodeIgniter\Session\Handlers\FileHandler' driver.
INFO - 2023-10-20 07:06:55 --> Session: Class initialized using 'CodeIgniter\Session\Handlers\FileHandler' driver.
INFO - 2023-10-20 07:06:59 --> Session: Class initialized using 'CodeIgniter\Session\Handlers\FileHandler' driver.
INFO - 2023-10-20 07:07:11 --> Session: Class initialized using 'CodeIgniter\Session\Handlers\FileHandler' driver.
INFO - 2023-10-20 07:07:19 --> Session: Class initialized using 'CodeIgniter\Session\Handlers\FileHandler' driver.
INFO - 2023-10-20 07:07:47 --> Session: Class initialized using 'CodeIgniter\Session\Handlers\FileHandler' driver.
INFO - 2023-10-20 07:07:53 --> Session: Class initialized using 'CodeIgniter\Session\Handlers\FileHandler' driver.
CRITICAL - 2023-10-20 07:11:42 --> Class "App\Models\Master_RayonModel" not found
in APPPATH\Controllers\DataJemaat.php on line 19.
 1 SYSTEMPATH\CodeIgniter.php(891): App\Controllers\DataJemaat->__construct()
 2 SYSTEMPATH\CodeIgniter.php(485): CodeIgniter\CodeIgniter->createController()
 3 SYSTEMPATH\CodeIgniter.php(353): CodeIgniter\CodeIgniter->handleRequest(null, Object(Config\Cache), false)
 4 FCPATH\index.php(79): CodeIgniter\CodeIgniter->run()
 5 SYSTEMPATH\Commands\Server\rewrite.php(47): require_once('C:\\xampp\\htdocs\\gki_delima\\public\\index.php')
INFO - 2023-10-20 07:13:37 --> Session: Class initialized using 'CodeIgniter\Session\Handlers\FileHandler' driver.
CRITICAL - 2023-10-20 07:31:45 --> Multiple access type modifiers are not allowed
in APPPATH\Controllers\DataJemaat.php on line 27.
 1 SYSTEMPATH\Autoloader\Autoloader.php(285): CodeIgniter\Autoloader\Autoloader->includeFile('C:\\xampp\\htdocs\\gki_delima\\app\\Controllers\\Datajemaat.php')
 2 SYSTEMPATH\Autoloader\Autoloader.php(263): CodeIgniter\Autoloader\Autoloader->loadInNamespace('App\\Controllers\\Datajemaat')
 3 [internal function]: CodeIgniter\Autoloader\Autoloader->loadClass('App\\Controllers\\Datajemaat')
 4 SYSTEMPATH\Router\AutoRouterImproved.php(162): class_exists('\\App\\Controllers\\Datajemaat')
 5 SYSTEMPATH\Router\AutoRouterImproved.php(266): CodeIgniter\Router\AutoRouterImproved->searchFirstController()
 6 SYSTEMPATH\Router\Router.php(512): CodeIgniter\Router\AutoRouterImproved->getRoute('datajemaat/tambahdata', 'get')
 7 SYSTEMPATH\Router\Router.php(208): CodeIgniter\Router\Router->autoRoute('datajemaat/tambahdata')
 8 SYSTEMPATH\CodeIgniter.php(800): CodeIgniter\Router\Router->handle('datajemaat/tambahdata')
 9 SYSTEMPATH\CodeIgniter.php(442): CodeIgniter\CodeIgniter->tryToRouteIt(Object(CodeIgniter\Router\RouteCollection))
10 SYSTEMPATH\CodeIgniter.php(353): CodeIgniter\CodeIgniter->handleRequest(null, Object(Config\Cache), false)
11 FCPATH\index.php(79): CodeIgniter\CodeIgniter->run()
12 SYSTEMPATH\Commands\Server\rewrite.php(47): require_once('C:\\xampp\\htdocs\\gki_delima\\public\\index.php')
INFO - 2023-10-20 13:52:27 --> Session: Class initialized using 'CodeIgniter\Session\Handlers\FileHandler' driver.
INFO - 2023-10-20 13:52:30 --> Session: Class initialized using 'CodeIgniter\Session\Handlers\FileHandler' driver.
INFO - 2023-10-20 13:52:30 --> Session: Class initialized using 'CodeIgniter\Session\Handlers\FileHandler' driver.
CRITICAL - 2023-10-20 13:52:32 --> Multiple access type modifiers are not allowed
in APPPATH\Controllers\DataJemaat.php on line 27.
 1 SYSTEMPATH\Autoloader\Autoloader.php(285): CodeIgniter\Autoloader\Autoloader->includeFile('C:\\xampp\\htdocs\\gki_delima\\app\\Controllers\\Datajemaat.php')
 2 SYSTEMPATH\Autoloader\Autoloader.php(263): CodeIgniter\Autoloader\Autoloader->loadInNamespace('App\\Controllers\\Datajemaat')
 3 [internal function]: CodeIgniter\Autoloader\Autoloader->loadClass('App\\Controllers\\Datajemaat')
 4 SYSTEMPATH\Router\AutoRouterImproved.php(162): class_exists('\\App\\Controllers\\Datajemaat')
 5 SYSTEMPATH\Router\AutoRouterImproved.php(266): CodeIgniter\Router\AutoRouterImproved->searchFirstController()
 6 SYSTEMPATH\Router\Router.php(512): CodeIgniter\Router\AutoRouterImproved->getRoute('datajemaat', 'get')
 7 SYSTEMPATH\Router\Router.php(208): CodeIgniter\Router\Router->autoRoute('datajemaat')
 8 SYSTEMPATH\CodeIgniter.php(800): CodeIgniter\Router\Router->handle('datajemaat')
 9 SYSTEMPATH\CodeIgniter.php(442): CodeIgniter\CodeIgniter->tryToRouteIt(Object(CodeIgniter\Router\RouteCollection))
10 SYSTEMPATH\CodeIgniter.php(353): CodeIgniter\CodeIgniter->handleRequest(null, Object(Config\Cache), false)
11 FCPATH\index.php(79): CodeIgniter\CodeIgniter->run()
12 SYSTEMPATH\Commands\Server\rewrite.php(47): require_once('C:\\xampp\\htdocs\\gki_delima\\public\\index.php')
INFO - 2023-10-20 13:52:47 --> Session: Class initialized using 'CodeIgniter\Session\Handlers\FileHandler' driver.
INFO - 2023-10-20 13:52:53 --> Session: Class initialized using 'CodeIgniter\Session\Handlers\FileHandler' driver.
INFO - 2023-10-20 13:53:29 --> Session: Class initialized using 'CodeIgniter\Session\Handlers\FileHandler' driver.
INFO - 2023-10-20 13:53:55 --> Session: Class initialized using 'CodeIgniter\Session\Handlers\FileHandler' driver.
INFO - 2023-10-20 13:57:44 --> Session: Class initialized using 'CodeIgniter\Session\Handlers\FileHandler' driver.
INFO - 2023-10-20 13:58:36 --> Session: Class initialized using 'CodeIgniter\Session\Handlers\FileHandler' driver.
INFO - 2023-10-20 13:59:55 --> Session: Class initialized using 'CodeIgniter\Session\Handlers\FileHandler' driver.
INFO - 2023-10-20 14:00:09 --> Session: Class initialized using 'CodeIgniter\Session\Handlers\FileHandler' driver.
INFO - 2023-10-20 14:01:27 --> Session: Class initialized using 'CodeIgniter\Session\Handlers\FileHandler' driver.
INFO - 2023-10-20 14:01:29 --> Session: Class initialized using 'CodeIgniter\Session\Handlers\FileHandler' driver.
INFO - 2023-10-20 14:03:02 --> Session: Class initialized using 'CodeIgniter\Session\Handlers\FileHandler' driver.
INFO - 2023-10-20 14:03:17 --> Session: Class initialized using 'CodeIgniter\Session\Handlers\FileHandler' driver.
INFO - 2023-10-20 14:03:28 --> Session: Class initialized using 'CodeIgniter\Session\Handlers\FileHandler' driver.
INFO - 2023-10-20 14:03:36 --> Session: Class initialized using 'CodeIgniter\Session\Handlers\FileHandler' driver.
INFO - 2023-10-20 14:03:46 --> Session: Class initialized using 'CodeIgniter\Session\Handlers\FileHandler' driver.
INFO - 2023-10-20 14:03:48 --> Session: Class initialized using 'CodeIgniter\Session\Handlers\FileHandler' driver.
INFO - 2023-10-20 14:04:20 --> Session: Class initialized using 'CodeIgniter\Session\Handlers\FileHandler' driver.
INFO - 2023-10-20 14:04:27 --> Session: Class initialized using 'CodeIgniter\Session\Handlers\FileHandler' driver.
INFO - 2023-10-20 14:06:45 --> Session: Class initialized using 'CodeIgniter\Session\Handlers\FileHandler' driver.
ERROR - 2023-10-20 14:08:18 --> mysqli_sql_exception: Table 'gkidelima_db.master_talenta_ii' doesn't exist in C:\xampp\htdocs\gki_delima\system\Database\MySQLi\Connection.php:306
Stack trace:
#0 C:\xampp\htdocs\gki_delima\system\Database\MySQLi\Connection.php(306): mysqli->query('SELECT *\nFROM `...', 0)
#1 C:\xampp\htdocs\gki_delima\system\Database\BaseConnection.php(692): CodeIgniter\Database\MySQLi\Connection->execute('SELECT *\nFROM `...')
#2 C:\xampp\htdocs\gki_delima\system\Database\BaseConnection.php(606): CodeIgniter\Database\BaseConnection->simpleQuery('SELECT *\nFROM `...')
#3 C:\xampp\htdocs\gki_delima\system\Database\BaseBuilder.php(1615): CodeIgniter\Database\BaseConnection->query('SELECT *\nFROM `...', Array, false)
#4 C:\xampp\htdocs\gki_delima\system\Model.php(237): CodeIgniter\Database\BaseBuilder->get()
#5 C:\xampp\htdocs\gki_delima\system\BaseModel.php(624): CodeIgniter\Model->doFindAll(0, 0)
#6 C:\xampp\htdocs\gki_delima\app\Models\Master_Talenta_II.php(15): CodeIgniter\BaseModel->findAll()
#7 C:\xampp\htdocs\gki_delima\app\Controllers\DataJemaat.php(54): App\Models\Master_Talenta_II->getAllTalenta_II()
#8 C:\xampp\htdocs\gki_delima\system\CodeIgniter.php(919): App\Controllers\DataJemaat->getTambahData()
#9 C:\xampp\htdocs\gki_delima\system\CodeIgniter.php(494): CodeIgniter\CodeIgniter->runController(Object(App\Controllers\DataJemaat))
#10 C:\xampp\htdocs\gki_delima\system\CodeIgniter.php(353): CodeIgniter\CodeIgniter->handleRequest(NULL, Object(Config\Cache), false)
#11 C:\xampp\htdocs\gki_delima\public\index.php(79): CodeIgniter\CodeIgniter->run()
#12 C:\xampp\htdocs\gki_delima\system\Commands\Server\rewrite.php(47): require_once('C:\\xampp\\htdocs...')
#13 {main}
CRITICAL - 2023-10-20 14:08:18 --> Table 'gkidelima_db.master_talenta_ii' doesn't exist
in SYSTEMPATH\Database\BaseConnection.php on line 646.
 1 SYSTEMPATH\Database\BaseBuilder.php(1615): CodeIgniter\Database\BaseConnection->query('SELECT *
FROM `master_talenta_II`', [], false)
 2 SYSTEMPATH\Model.php(237): CodeIgniter\Database\BaseBuilder->get()
 3 SYSTEMPATH\BaseModel.php(624): CodeIgniter\Model->doFindAll(0, 0)
 4 APPPATH\Models\Master_Talenta_II.php(15): CodeIgniter\BaseModel->findAll()
 5 APPPATH\Controllers\DataJemaat.php(54): App\Models\Master_Talenta_II->getAllTalenta_II()
 6 SYSTEMPATH\CodeIgniter.php(919): App\Controllers\DataJemaat->getTambahData()
 7 SYSTEMPATH\CodeIgniter.php(494): CodeIgniter\CodeIgniter->runController(Object(App\Controllers\DataJemaat))
 8 SYSTEMPATH\CodeIgniter.php(353): CodeIgniter\CodeIgniter->handleRequest(null, Object(Config\Cache), false)
 9 FCPATH\index.php(79): CodeIgniter\CodeIgniter->run()
10 SYSTEMPATH\Commands\Server\rewrite.php(47): require_once('C:\\xampp\\htdocs\\gki_delima\\public\\index.php')
INFO - 2023-10-20 14:11:33 --> Session: Class initialized using 'CodeIgniter\Session\Handlers\FileHandler' driver.
INFO - 2023-10-20 14:15:53 --> Session: Class initialized using 'CodeIgniter\Session\Handlers\FileHandler' driver.
ERROR - 2023-10-20 15:26:30 --> mysqli_sql_exception: Unknown column 'id_level_wilayah' in 'where clause' in C:\xampp\htdocs\gki_delima\system\Database\MySQLi\Connection.php:306
Stack trace:
#0 C:\xampp\htdocs\gki_delima\system\Database\MySQLi\Connection.php(306): mysqli->query('SELECT *\nFROM `...', 0)
#1 C:\xampp\htdocs\gki_delima\system\Database\BaseConnection.php(692): CodeIgniter\Database\MySQLi\Connection->execute('SELECT *\nFROM `...')
#2 C:\xampp\htdocs\gki_delima\system\Database\BaseConnection.php(606): CodeIgniter\Database\BaseConnection->simpleQuery('SELECT *\nFROM `...')
#3 C:\xampp\htdocs\gki_delima\system\Database\BaseBuilder.php(1615): CodeIgniter\Database\BaseConnection->query('SELECT *\nFROM `...', Array, false)
#4 C:\xampp\htdocs\gki_delima\system\Model.php(237): CodeIgniter\Database\BaseBuilder->get()
#5 C:\xampp\htdocs\gki_delima\system\BaseModel.php(624): CodeIgniter\Model->doFindAll(0, 0)
#6 C:\xampp\htdocs\gki_delima\app\Models\WilayahModel.php(19): CodeIgniter\BaseModel->findAll()
#7 C:\xampp\htdocs\gki_delima\app\Controllers\DataJemaat.php(66): App\Models\WilayahModel->getWilayahByLevel(2, NULL)
#8 C:\xampp\htdocs\gki_delima\system\CodeIgniter.php(919): App\Controllers\DataJemaat->getKotaKecamatanByProvinsi()
#9 C:\xampp\htdocs\gki_delima\system\CodeIgniter.php(494): CodeIgniter\CodeIgniter->runController(Object(App\Controllers\DataJemaat))
#10 C:\xampp\htdocs\gki_delima\system\CodeIgniter.php(353): CodeIgniter\CodeIgniter->handleRequest(NULL, Object(Config\Cache), false)
#11 C:\xampp\htdocs\gki_delima\public\index.php(79): CodeIgniter\CodeIgniter->run()
#12 C:\xampp\htdocs\gki_delima\system\Commands\Server\rewrite.php(47): require_once('C:\\xampp\\htdocs...')
#13 {main}
CRITICAL - 2023-10-20 15:26:30 --> Unknown column 'id_level_wilayah' in 'where clause'
in SYSTEMPATH\Database\BaseConnection.php on line 646.
 1 SYSTEMPATH\Database\BaseBuilder.php(1615): CodeIgniter\Database\BaseConnection->query('SELECT *
FROM `wilayah`
WHERE `id_level_wilayah` = :id_level_wilayah:
AND `id_induk_wilayah` IS NULL', [...], false)
 2 SYSTEMPATH\Model.php(237): CodeIgniter\Database\BaseBuilder->get()
 3 SYSTEMPATH\BaseModel.php(624): CodeIgniter\Model->doFindAll(0, 0)
 4 APPPATH\Models\WilayahModel.php(19): CodeIgniter\BaseModel->findAll()
 5 APPPATH\Controllers\DataJemaat.php(66): App\Models\WilayahModel->getWilayahByLevel(2, null)
 6 SYSTEMPATH\CodeIgniter.php(919): App\Controllers\DataJemaat->getKotaKecamatanByProvinsi()
 7 SYSTEMPATH\CodeIgniter.php(494): CodeIgniter\CodeIgniter->runController(Object(App\Controllers\DataJemaat))
 8 SYSTEMPATH\CodeIgniter.php(353): CodeIgniter\CodeIgniter->handleRequest(null, Object(Config\Cache), false)
 9 FCPATH\index.php(79): CodeIgniter\CodeIgniter->run()
10 SYSTEMPATH\Commands\Server\rewrite.php(47): require_once('C:\\xampp\\htdocs\\gki_delima\\public\\index.php')
CRITICAL - 2023-10-20 15:57:55 --> Undefined array key "id_will"
in APPPATH\Views\DataJemaat_Tambah.php on line 206.
 1 APPPATH\Views\DataJemaat_Tambah.php(206): CodeIgniter\Debug\Exceptions->errorHandler(2, 'Undefined array key "id_will"', 'C:\\xampp\\htdocs\\gki_delima\\app\\Views\\DataJemaat_Tambah.php', 206)
 2 SYSTEMPATH\View\View.php(226): include('C:\\xampp\\htdocs\\gki_delima\\app\\Views\\DataJemaat_Tambah.php')
 3 SYSTEMPATH\View\View.php(229): CodeIgniter\View\View->CodeIgniter\View\{closure}()
 4 SYSTEMPATH\Common.php(1188): CodeIgniter\View\View->render('DataJemaat_Tambah.php', [], true)
 5 APPPATH\Controllers\DataJemaat.php(60): view('DataJemaat_Tambah.php', [...])
 6 SYSTEMPATH\CodeIgniter.php(919): App\Controllers\DataJemaat->getTambahData()
 7 SYSTEMPATH\CodeIgniter.php(494): CodeIgniter\CodeIgniter->runController(Object(App\Controllers\DataJemaat))
 8 SYSTEMPATH\CodeIgniter.php(353): CodeIgniter\CodeIgniter->handleRequest(null, Object(Config\Cache), false)
 9 FCPATH\index.php(79): CodeIgniter\CodeIgniter->run()
10 SYSTEMPATH\Commands\Server\rewrite.php(47): require_once('C:\\xampp\\htdocs\\gki_delima\\public\\index.php')
CRITICAL - 2023-10-20 15:58:12 --> Undefined array key "id_will"
in APPPATH\Views\DataJemaat_Tambah.php on line 206.
 1 APPPATH\Views\DataJemaat_Tambah.php(206): CodeIgniter\Debug\Exceptions->errorHandler(2, 'Undefined array key "id_will"', 'C:\\xampp\\htdocs\\gki_delima\\app\\Views\\DataJemaat_Tambah.php', 206)
 2 SYSTEMPATH\View\View.php(226): include('C:\\xampp\\htdocs\\gki_delima\\app\\Views\\DataJemaat_Tambah.php')
 3 SYSTEMPATH\View\View.php(229): CodeIgniter\View\View->CodeIgniter\View\{closure}()
 4 SYSTEMPATH\Common.php(1188): CodeIgniter\View\View->render('DataJemaat_Tambah.php', [], true)
 5 APPPATH\Controllers\DataJemaat.php(60): view('DataJemaat_Tambah.php', [...])
 6 SYSTEMPATH\CodeIgniter.php(919): App\Controllers\DataJemaat->getTambahData()
 7 SYSTEMPATH\CodeIgniter.php(494): CodeIgniter\CodeIgniter->runController(Object(App\Controllers\DataJemaat))
 8 SYSTEMPATH\CodeIgniter.php(353): CodeIgniter\CodeIgniter->handleRequest(null, Object(Config\Cache), false)
 9 FCPATH\index.php(79): CodeIgniter\CodeIgniter->run()
10 SYSTEMPATH\Commands\Server\rewrite.php(47): require_once('C:\\xampp\\htdocs\\gki_delima\\public\\index.php')
INFO - 2023-10-20 15:58:21 --> Session: Class initialized using 'CodeIgniter\Session\Handlers\FileHandler' driver.
INFO - 2023-10-20 16:04:26 --> Session: Class initialized using 'CodeIgniter\Session\Handlers\FileHandler' driver.
INFO - 2023-10-20 17:43:59 --> Session: Class initialized using 'CodeIgniter\Session\Handlers\FileHandler' driver.
INFO - 2023-10-20 17:46:32 --> Session: Class initialized using 'CodeIgniter\Session\Handlers\FileHandler' driver.
CRITICAL - 2023-10-20 17:46:32 --> Trying to access array offset on value of type null
in APPPATH\Views\layouts\Template.php on line 200.
 1 APPPATH\Views\layouts\Template.php(200): CodeIgniter\Debug\Exceptions->errorHandler(2, 'Trying to access array offset on value of type null', 'C:\\xampp\\htdocs\\gki_delima\\app\\Views\\layouts\\Template.php', 200)
 2 SYSTEMPATH\View\View.php(226): include('C:\\xampp\\htdocs\\gki_delima\\app\\Views\\layouts\\Template.php')
 3 SYSTEMPATH\View\View.php(229): CodeIgniter\View\View->CodeIgniter\View\{closure}()
 4 SYSTEMPATH\View\View.php(242): CodeIgniter\View\View->render('layouts/template.php', [], true)
 5 SYSTEMPATH\Common.php(1188): CodeIgniter\View\View->render('DataJemaat_Tambah.php', [], true)
 6 APPPATH\Controllers\DataJemaat.php(60): view('DataJemaat_Tambah.php', [...])
 7 SYSTEMPATH\CodeIgniter.php(919): App\Controllers\DataJemaat->getTambahData()
 8 SYSTEMPATH\CodeIgniter.php(494): CodeIgniter\CodeIgniter->runController(Object(App\Controllers\DataJemaat))
 9 SYSTEMPATH\CodeIgniter.php(353): CodeIgniter\CodeIgniter->handleRequest(null, Object(Config\Cache), false)
10 FCPATH\index.php(79): CodeIgniter\CodeIgniter->run()
11 SYSTEMPATH\Commands\Server\rewrite.php(47): require_once('C:\\xampp\\htdocs\\gki_delima\\public\\index.php')
INFO - 2023-10-20 17:46:32 --> Session: Class initialized using 'CodeIgniter\Session\Handlers\FileHandler' driver.
INFO - 2023-10-20 17:47:09 --> Session: Class initialized using 'CodeIgniter\Session\Handlers\FileHandler' driver.
INFO - 2023-10-20 17:47:59 --> Session: Class initialized using 'CodeIgniter\Session\Handlers\FileHandler' driver.
INFO - 2023-10-20 17:48:29 --> Session: Class initialized using 'CodeIgniter\Session\Handlers\FileHandler' driver.
INFO - 2023-10-20 17:51:55 --> Session: Class initialized using 'CodeIgniter\Session\Handlers\FileHandler' driver.
INFO - 2023-10-20 17:53:40 --> Session: Class initialized using 'CodeIgniter\Session\Handlers\FileHandler' driver.
INFO - 2023-10-20 17:54:34 --> Session: Class initialized using 'CodeIgniter\Session\Handlers\FileHandler' driver.
INFO - 2023-10-20 17:56:08 --> Session: Class initialized using 'CodeIgniter\Session\Handlers\FileHandler' driver.
INFO - 2023-10-20 18:01:14 --> Session: Class initialized using 'CodeIgniter\Session\Handlers\FileHandler' driver.
INFO - 2023-10-20 18:02:56 --> Session: Class initialized using 'CodeIgniter\Session\Handlers\FileHandler' driver.
CRITICAL - 2023-10-20 18:02:57 --> Call to undefined method App\Models\WilayahModel::getResultArray
in SYSTEMPATH\Model.php on line 873.
 1 APPPATH\Models\WilayahModel.php(24): CodeIgniter\Model->__call('getResultArray', [])
 2 APPPATH\Controllers\DataJemaat.php(68): App\Models\WilayahModel->getKotaById('010000')
 3 SYSTEMPATH\CodeIgniter.php(919): App\Controllers\DataJemaat->postCariKotaByProvinsi()
 4 SYSTEMPATH\CodeIgniter.php(494): CodeIgniter\CodeIgniter->runController(Object(App\Controllers\DataJemaat))
 5 SYSTEMPATH\CodeIgniter.php(353): CodeIgniter\CodeIgniter->handleRequest(null, Object(Config\Cache), false)
 6 FCPATH\index.php(79): CodeIgniter\CodeIgniter->run()
 7 SYSTEMPATH\Commands\Server\rewrite.php(47): require_once('C:\\xampp\\htdocs\\gki_delima\\public\\index.php')
INFO - 2023-10-20 18:04:38 --> Session: Class initialized using 'CodeIgniter\Session\Handlers\FileHandler' driver.
INFO - 2023-10-20 18:07:31 --> Session: Class initialized using 'CodeIgniter\Session\Handlers\FileHandler' driver.
INFO - 2023-10-20 18:10:39 --> Session: Class initialized using 'CodeIgniter\Session\Handlers\FileHandler' driver.
INFO - 2023-10-20 18:11:37 --> Session: Class initialized using 'CodeIgniter\Session\Handlers\FileHandler' driver.
INFO - 2023-10-20 18:31:31 --> Session: Class initialized using 'CodeIgniter\Session\Handlers\FileHandler' driver.
INFO - 2023-10-20 18:32:11 --> Session: Class initialized using 'CodeIgniter\Session\Handlers\FileHandler' driver.
INFO - 2023-10-20 18:40:50 --> Session: Class initialized using 'CodeIgniter\Session\Handlers\FileHandler' driver.
INFO - 2023-10-20 19:06:09 --> Session: Class initialized using 'CodeIgniter\Session\Handlers\FileHandler' driver.
INFO - 2023-10-20 19:06:45 --> Session: Class initialized using 'CodeIgniter\Session\Handlers\FileHandler' driver.
