INFO - 2023-10-29 18:10:34 --> Session: Class initialized using 'CodeIgniter\Session\Handlers\FileHandler' driver.
INFO - 2023-10-29 18:10:41 --> Session: Class initialized using 'CodeIgniter\Session\Handlers\FileHandler' driver.
INFO - 2023-10-29 18:10:42 --> Session: Class initialized using 'CodeIgniter\Session\Handlers\FileHandler' driver.
INFO - 2023-10-29 18:10:46 --> Session: Class initialized using 'CodeIgniter\Session\Handlers\FileHandler' driver.
INFO - 2023-10-29 18:12:03 --> Session: Class initialized using 'CodeIgniter\Session\Handlers\FileHandler' driver.
INFO - 2023-10-29 18:12:14 --> Session: Class initialized using 'CodeIgniter\Session\Handlers\FileHandler' driver.
INFO - 2023-10-29 18:12:17 --> Session: Class initialized using 'CodeIgniter\Session\Handlers\FileHandler' driver.
INFO - 2023-10-29 18:12:26 --> Session: Class initialized using 'CodeIgniter\Session\Handlers\FileHandler' driver.
INFO - 2023-10-29 18:12:28 --> Session: Class initialized using 'CodeIgniter\Session\Handlers\FileHandler' driver.
INFO - 2023-10-29 18:14:12 --> Session: Class initialized using 'CodeIgniter\Session\Handlers\FileHandler' driver.
INFO - 2023-10-29 18:14:12 --> Session: Class initialized using 'CodeIgniter\Session\Handlers\FileHandler' driver.
INFO - 2023-10-29 18:14:13 --> Session: Class initialized using 'CodeIgniter\Session\Handlers\FileHandler' driver.
INFO - 2023-10-29 18:14:46 --> Session: Class initialized using 'CodeIgniter\Session\Handlers\FileHandler' driver.
INFO - 2023-10-29 18:14:55 --> Session: Class initialized using 'CodeIgniter\Session\Handlers\FileHandler' driver.
INFO - 2023-10-29 18:19:52 --> Session: Class initialized using 'CodeIgniter\Session\Handlers\FileHandler' driver.
INFO - 2023-10-29 18:20:54 --> Session: Class initialized using 'CodeIgniter\Session\Handlers\FileHandler' driver.
INFO - 2023-10-29 18:26:01 --> Session: Class initialized using 'CodeIgniter\Session\Handlers\FileHandler' driver.
INFO - 2023-10-29 18:26:10 --> Session: Class initialized using 'CodeIgniter\Session\Handlers\FileHandler' driver.
INFO - 2023-10-29 18:28:03 --> Session: Class initialized using 'CodeIgniter\Session\Handlers\FileHandler' driver.
INFO - 2023-10-29 18:28:06 --> Session: Class initialized using 'CodeIgniter\Session\Handlers\FileHandler' driver.
INFO - 2023-10-29 18:28:15 --> Session: Class initialized using 'CodeIgniter\Session\Handlers\FileHandler' driver.
INFO - 2023-10-29 18:28:17 --> Session: Class initialized using 'CodeIgniter\Session\Handlers\FileHandler' driver.
INFO - 2023-10-29 18:29:00 --> Session: Class initialized using 'CodeIgniter\Session\Handlers\FileHandler' driver.
INFO - 2023-10-29 18:29:05 --> Session: Class initialized using 'CodeIgniter\Session\Handlers\FileHandler' driver.
INFO - 2023-10-29 18:29:09 --> Session: Class initialized using 'CodeIgniter\Session\Handlers\FileHandler' driver.
INFO - 2023-10-29 18:29:25 --> Session: Class initialized using 'CodeIgniter\Session\Handlers\FileHandler' driver.
INFO - 2023-10-29 18:29:30 --> Session: Class initialized using 'CodeIgniter\Session\Handlers\FileHandler' driver.
INFO - 2023-10-29 18:29:33 --> Session: Class initialized using 'CodeIgniter\Session\Handlers\FileHandler' driver.
INFO - 2023-10-29 18:29:36 --> Session: Class initialized using 'CodeIgniter\Session\Handlers\FileHandler' driver.
INFO - 2023-10-29 18:30:05 --> Session: Class initialized using 'CodeIgniter\Session\Handlers\FileHandler' driver.
INFO - 2023-10-29 18:30:12 --> Session: Class initialized using 'CodeIgniter\Session\Handlers\FileHandler' driver.
INFO - 2023-10-29 18:30:14 --> Session: Class initialized using 'CodeIgniter\Session\Handlers\FileHandler' driver.
INFO - 2023-10-29 18:30:21 --> Session: Class initialized using 'CodeIgniter\Session\Handlers\FileHandler' driver.
INFO - 2023-10-29 18:32:20 --> Session: Class initialized using 'CodeIgniter\Session\Handlers\FileHandler' driver.
INFO - 2023-10-29 18:32:25 --> Session: Class initialized using 'CodeIgniter\Session\Handlers\FileHandler' driver.
INFO - 2023-10-29 18:32:34 --> Session: Class initialized using 'CodeIgniter\Session\Handlers\FileHandler' driver.
INFO - 2023-10-29 18:32:35 --> Data updated for kd_jemaat: 1
INFO - 2023-10-29 18:32:36 --> Session: Class initialized using 'CodeIgniter\Session\Handlers\FileHandler' driver.
INFO - 2023-10-29 18:33:56 --> Session: Class initialized using 'CodeIgniter\Session\Handlers\FileHandler' driver.
INFO - 2023-10-29 18:33:57 --> Session: Class initialized using 'CodeIgniter\Session\Handlers\FileHandler' driver.
INFO - 2023-10-29 18:34:07 --> Session: Class initialized using 'CodeIgniter\Session\Handlers\FileHandler' driver.
INFO - 2023-10-29 18:34:54 --> Session: Class initialized using 'CodeIgniter\Session\Handlers\FileHandler' driver.
INFO - 2023-10-29 18:35:02 --> Session: Class initialized using 'CodeIgniter\Session\Handlers\FileHandler' driver.
INFO - 2023-10-29 18:37:03 --> Session: Class initialized using 'CodeIgniter\Session\Handlers\FileHandler' driver.
INFO - 2023-10-29 18:37:29 --> Session: Class initialized using 'CodeIgniter\Session\Handlers\FileHandler' driver.
INFO - 2023-10-29 18:37:43 --> Session: Class initialized using 'CodeIgniter\Session\Handlers\FileHandler' driver.
INFO - 2023-10-29 18:37:47 --> Session: Class initialized using 'CodeIgniter\Session\Handlers\FileHandler' driver.
INFO - 2023-10-29 18:37:49 --> Session: Class initialized using 'CodeIgniter\Session\Handlers\FileHandler' driver.
INFO - 2023-10-29 18:37:51 --> Session: Class initialized using 'CodeIgniter\Session\Handlers\FileHandler' driver.
INFO - 2023-10-29 18:38:01 --> Session: Class initialized using 'CodeIgniter\Session\Handlers\FileHandler' driver.
INFO - 2023-10-29 18:38:08 --> Session: Class initialized using 'CodeIgniter\Session\Handlers\FileHandler' driver.
INFO - 2023-10-29 18:38:18 --> Session: Class initialized using 'CodeIgniter\Session\Handlers\FileHandler' driver.
INFO - 2023-10-29 18:38:19 --> Session: Class initialized using 'CodeIgniter\Session\Handlers\FileHandler' driver.
INFO - 2023-10-29 18:38:31 --> Session: Class initialized using 'CodeIgniter\Session\Handlers\FileHandler' driver.
INFO - 2023-10-29 18:38:33 --> Session: Class initialized using 'CodeIgniter\Session\Handlers\FileHandler' driver.
INFO - 2023-10-29 18:38:41 --> Session: Class initialized using 'CodeIgniter\Session\Handlers\FileHandler' driver.
INFO - 2023-10-29 18:38:42 --> Session: Class initialized using 'CodeIgniter\Session\Handlers\FileHandler' driver.
INFO - 2023-10-29 18:39:27 --> Session: Class initialized using 'CodeIgniter\Session\Handlers\FileHandler' driver.
INFO - 2023-10-29 18:39:37 --> Session: Class initialized using 'CodeIgniter\Session\Handlers\FileHandler' driver.
ERROR - 2023-10-29 18:39:38 --> mysqli_sql_exception: Table 'gkidelima_db.ss' doesn't exist in C:\xampp\htdocs\gki_delima\system\Database\MySQLi\Connection.php:306
Stack trace:
#0 C:\xampp\htdocs\gki_delima\system\Database\MySQLi\Connection.php(306): mysqli->query('UPDATE `ss` SET...', 0)
#1 C:\xampp\htdocs\gki_delima\system\Database\BaseConnection.php(692): CodeIgniter\Database\MySQLi\Connection->execute('UPDATE `ss` SET...')
#2 C:\xampp\htdocs\gki_delima\system\Database\BaseConnection.php(606): CodeIgniter\Database\BaseConnection->simpleQuery('UPDATE `ss` SET...')
#3 C:\xampp\htdocs\gki_delima\system\Database\BaseBuilder.php(2475): CodeIgniter\Database\BaseConnection->query('UPDATE `ss` SET...', Array, false)
#4 C:\xampp\htdocs\gki_delima\app\Models\PenjadwalanModel.php(62): CodeIgniter\Database\BaseBuilder->update(Array)
#5 C:\xampp\htdocs\gki_delima\app\Controllers\Penjadwalan.php(151): App\Models\PenjadwalanModel->updateJadwal('75', Array)
#6 C:\xampp\htdocs\gki_delima\system\CodeIgniter.php(919): App\Controllers\Penjadwalan->postUpdateJadwal()
#7 C:\xampp\htdocs\gki_delima\system\CodeIgniter.php(494): CodeIgniter\CodeIgniter->runController(Object(App\Controllers\Penjadwalan))
#8 C:\xampp\htdocs\gki_delima\system\CodeIgniter.php(353): CodeIgniter\CodeIgniter->handleRequest(NULL, Object(Config\Cache), false)
#9 C:\xampp\htdocs\gki_delima\public\index.php(79): CodeIgniter\CodeIgniter->run()
#10 C:\xampp\htdocs\gki_delima\system\Commands\Server\rewrite.php(47): require_once('C:\\xampp\\htdocs...')
#11 {main}
CRITICAL - 2023-10-29 18:39:38 --> Table 'gkidelima_db.ss' doesn't exist
in SYSTEMPATH\Database\BaseConnection.php on line 646.
 1 SYSTEMPATH\Database\BaseBuilder.php(2475): CodeIgniter\Database\BaseConnection->query('UPDATE `ss` SET `tanggal` = :tanggal:, `waktu` = :waktu:, `nama_jemaat` = :nama_jemaat:, `tim_pelawat` = :tim_pelawat:, `catatan` = :catatan:, `status` = :status:, `updatedBy` = :updatedBy:, `updatedOn` = :updatedOn:
WHERE `id` = :id:', [...], false)
 2 APPPATH\Models\PenjadwalanModel.php(62): CodeIgniter\Database\BaseBuilder->update([...])
 3 APPPATH\Controllers\Penjadwalan.php(151): App\Models\PenjadwalanModel->updateJadwal('75', [...])
 4 SYSTEMPATH\CodeIgniter.php(919): App\Controllers\Penjadwalan->postUpdateJadwal()
 5 SYSTEMPATH\CodeIgniter.php(494): CodeIgniter\CodeIgniter->runController(Object(App\Controllers\Penjadwalan))
 6 SYSTEMPATH\CodeIgniter.php(353): CodeIgniter\CodeIgniter->handleRequest(null, Object(Config\Cache), false)
 7 FCPATH\index.php(79): CodeIgniter\CodeIgniter->run()
 8 SYSTEMPATH\Commands\Server\rewrite.php(47): require_once('C:\\xampp\\htdocs\\gki_delima\\public\\index.php')
INFO - 2023-10-29 18:40:36 --> Session: Class initialized using 'CodeIgniter\Session\Handlers\FileHandler' driver.
INFO - 2023-10-29 18:40:51 --> Session: Class initialized using 'CodeIgniter\Session\Handlers\FileHandler' driver.
INFO - 2023-10-29 18:41:12 --> Session: Class initialized using 'CodeIgniter\Session\Handlers\FileHandler' driver.
INFO - 2023-10-29 18:41:13 --> Session: Class initialized using 'CodeIgniter\Session\Handlers\FileHandler' driver.
INFO - 2023-10-29 18:41:27 --> Session: Class initialized using 'CodeIgniter\Session\Handlers\FileHandler' driver.
INFO - 2023-10-29 18:41:33 --> Session: Class initialized using 'CodeIgniter\Session\Handlers\FileHandler' driver.
INFO - 2023-10-29 18:41:46 --> Session: Class initialized using 'CodeIgniter\Session\Handlers\FileHandler' driver.
INFO - 2023-10-29 18:41:49 --> Session: Class initialized using 'CodeIgniter\Session\Handlers\FileHandler' driver.
INFO - 2023-10-29 18:41:59 --> Session: Class initialized using 'CodeIgniter\Session\Handlers\FileHandler' driver.
INFO - 2023-10-29 18:42:24 --> Session: Class initialized using 'CodeIgniter\Session\Handlers\FileHandler' driver.
INFO - 2023-10-29 18:42:26 --> Session: Class initialized using 'CodeIgniter\Session\Handlers\FileHandler' driver.
INFO - 2023-10-29 18:43:01 --> Session: Class initialized using 'CodeIgniter\Session\Handlers\FileHandler' driver.
INFO - 2023-10-29 18:44:58 --> Session: Class initialized using 'CodeIgniter\Session\Handlers\FileHandler' driver.
INFO - 2023-10-29 18:46:54 --> Session: Class initialized using 'CodeIgniter\Session\Handlers\FileHandler' driver.
INFO - 2023-10-29 18:47:04 --> Session: Class initialized using 'CodeIgniter\Session\Handlers\FileHandler' driver.
INFO - 2023-10-29 18:47:05 --> Session: Class initialized using 'CodeIgniter\Session\Handlers\FileHandler' driver.
INFO - 2023-10-29 18:47:14 --> Session: Class initialized using 'CodeIgniter\Session\Handlers\FileHandler' driver.
INFO - 2023-10-29 18:47:30 --> Session: Class initialized using 'CodeIgniter\Session\Handlers\FileHandler' driver.
ERROR - 2023-10-29 18:47:30 --> mysqli_sql_exception: Table 'gkidelima_db.ttr_jadwal' doesn't exist in C:\xampp\htdocs\gki_delima\system\Database\MySQLi\Connection.php:306
Stack trace:
#0 C:\xampp\htdocs\gki_delima\system\Database\MySQLi\Connection.php(306): mysqli->query('UPDATE `ttr_jad...', 0)
#1 C:\xampp\htdocs\gki_delima\system\Database\BaseConnection.php(692): CodeIgniter\Database\MySQLi\Connection->execute('UPDATE `ttr_jad...')
#2 C:\xampp\htdocs\gki_delima\system\Database\BaseConnection.php(606): CodeIgniter\Database\BaseConnection->simpleQuery('UPDATE `ttr_jad...')
#3 C:\xampp\htdocs\gki_delima\system\Database\BaseBuilder.php(2475): CodeIgniter\Database\BaseConnection->query('UPDATE `ttr_jad...', Array, false)
#4 C:\xampp\htdocs\gki_delima\app\Models\PenjadwalanModel.php(62): CodeIgniter\Database\BaseBuilder->update(Array)
#5 C:\xampp\htdocs\gki_delima\app\Controllers\Penjadwalan.php(151): App\Models\PenjadwalanModel->updateJadwal('74', Array)
#6 C:\xampp\htdocs\gki_delima\system\CodeIgniter.php(919): App\Controllers\Penjadwalan->postUpdateJadwal()
#7 C:\xampp\htdocs\gki_delima\system\CodeIgniter.php(494): CodeIgniter\CodeIgniter->runController(Object(App\Controllers\Penjadwalan))
#8 C:\xampp\htdocs\gki_delima\system\CodeIgniter.php(353): CodeIgniter\CodeIgniter->handleRequest(NULL, Object(Config\Cache), false)
#9 C:\xampp\htdocs\gki_delima\public\index.php(79): CodeIgniter\CodeIgniter->run()
#10 C:\xampp\htdocs\gki_delima\system\Commands\Server\rewrite.php(47): require_once('C:\\xampp\\htdocs...')
#11 {main}
CRITICAL - 2023-10-29 18:47:30 --> Table 'gkidelima_db.ttr_jadwal' doesn't exist
in SYSTEMPATH\Database\BaseConnection.php on line 646.
 1 SYSTEMPATH\Database\BaseBuilder.php(2475): CodeIgniter\Database\BaseConnection->query('UPDATE `ttr_jadwal` SET `tanggal` = :tanggal:, `waktu` = :waktu:, `nama_jemaat` = :nama_jemaat:, `tim_pelawat` = :tim_pelawat:, `catatan` = :catatan:, `status` = :status:, `updatedBy` = :updatedBy:, `updatedOn` = :updatedOn:
WHERE `id` = :id:', [...], false)
 2 APPPATH\Models\PenjadwalanModel.php(62): CodeIgniter\Database\BaseBuilder->update([...])
 3 APPPATH\Controllers\Penjadwalan.php(151): App\Models\PenjadwalanModel->updateJadwal('74', [...])
 4 SYSTEMPATH\CodeIgniter.php(919): App\Controllers\Penjadwalan->postUpdateJadwal()
 5 SYSTEMPATH\CodeIgniter.php(494): CodeIgniter\CodeIgniter->runController(Object(App\Controllers\Penjadwalan))
 6 SYSTEMPATH\CodeIgniter.php(353): CodeIgniter\CodeIgniter->handleRequest(null, Object(Config\Cache), false)
 7 FCPATH\index.php(79): CodeIgniter\CodeIgniter->run()
 8 SYSTEMPATH\Commands\Server\rewrite.php(47): require_once('C:\\xampp\\htdocs\\gki_delima\\public\\index.php')
INFO - 2023-10-29 18:47:32 --> Session: Class initialized using 'CodeIgniter\Session\Handlers\FileHandler' driver.
ERROR - 2023-10-29 18:47:32 --> mysqli_sql_exception: Table 'gkidelima_db.ttr_jadwal' doesn't exist in C:\xampp\htdocs\gki_delima\system\Database\MySQLi\Connection.php:306
Stack trace:
#0 C:\xampp\htdocs\gki_delima\system\Database\MySQLi\Connection.php(306): mysqli->query('UPDATE `ttr_jad...', 0)
#1 C:\xampp\htdocs\gki_delima\system\Database\BaseConnection.php(692): CodeIgniter\Database\MySQLi\Connection->execute('UPDATE `ttr_jad...')
#2 C:\xampp\htdocs\gki_delima\system\Database\BaseConnection.php(606): CodeIgniter\Database\BaseConnection->simpleQuery('UPDATE `ttr_jad...')
#3 C:\xampp\htdocs\gki_delima\system\Database\BaseBuilder.php(2475): CodeIgniter\Database\BaseConnection->query('UPDATE `ttr_jad...', Array, false)
#4 C:\xampp\htdocs\gki_delima\app\Models\PenjadwalanModel.php(62): CodeIgniter\Database\BaseBuilder->update(Array)
#5 C:\xampp\htdocs\gki_delima\app\Controllers\Penjadwalan.php(151): App\Models\PenjadwalanModel->updateJadwal('74', Array)
#6 C:\xampp\htdocs\gki_delima\system\CodeIgniter.php(919): App\Controllers\Penjadwalan->postUpdateJadwal()
#7 C:\xampp\htdocs\gki_delima\system\CodeIgniter.php(494): CodeIgniter\CodeIgniter->runController(Object(App\Controllers\Penjadwalan))
#8 C:\xampp\htdocs\gki_delima\system\CodeIgniter.php(353): CodeIgniter\CodeIgniter->handleRequest(NULL, Object(Config\Cache), false)
#9 C:\xampp\htdocs\gki_delima\public\index.php(79): CodeIgniter\CodeIgniter->run()
#10 C:\xampp\htdocs\gki_delima\system\Commands\Server\rewrite.php(47): require_once('C:\\xampp\\htdocs...')
#11 {main}
CRITICAL - 2023-10-29 18:47:32 --> Table 'gkidelima_db.ttr_jadwal' doesn't exist
in SYSTEMPATH\Database\BaseConnection.php on line 646.
 1 SYSTEMPATH\Database\BaseBuilder.php(2475): CodeIgniter\Database\BaseConnection->query('UPDATE `ttr_jadwal` SET `tanggal` = :tanggal:, `waktu` = :waktu:, `nama_jemaat` = :nama_jemaat:, `tim_pelawat` = :tim_pelawat:, `catatan` = :catatan:, `status` = :status:, `updatedBy` = :updatedBy:, `updatedOn` = :updatedOn:
WHERE `id` = :id:', [...], false)
 2 APPPATH\Models\PenjadwalanModel.php(62): CodeIgniter\Database\BaseBuilder->update([...])
 3 APPPATH\Controllers\Penjadwalan.php(151): App\Models\PenjadwalanModel->updateJadwal('74', [...])
 4 SYSTEMPATH\CodeIgniter.php(919): App\Controllers\Penjadwalan->postUpdateJadwal()
 5 SYSTEMPATH\CodeIgniter.php(494): CodeIgniter\CodeIgniter->runController(Object(App\Controllers\Penjadwalan))
 6 SYSTEMPATH\CodeIgniter.php(353): CodeIgniter\CodeIgniter->handleRequest(null, Object(Config\Cache), false)
 7 FCPATH\index.php(79): CodeIgniter\CodeIgniter->run()
 8 SYSTEMPATH\Commands\Server\rewrite.php(47): require_once('C:\\xampp\\htdocs\\gki_delima\\public\\index.php')
INFO - 2023-10-29 18:47:36 --> Session: Class initialized using 'CodeIgniter\Session\Handlers\FileHandler' driver.
INFO - 2023-10-29 18:47:37 --> Session: Class initialized using 'CodeIgniter\Session\Handlers\FileHandler' driver.
INFO - 2023-10-29 18:47:41 --> Session: Class initialized using 'CodeIgniter\Session\Handlers\FileHandler' driver.
INFO - 2023-10-29 18:47:44 --> Session: Class initialized using 'CodeIgniter\Session\Handlers\FileHandler' driver.
INFO - 2023-10-29 18:47:53 --> Session: Class initialized using 'CodeIgniter\Session\Handlers\FileHandler' driver.
