INFO - 2023-11-29 14:35:57 --> Session: Class initialized using 'CodeIgniter\Session\Handlers\FileHandler' driver.
INFO - 2023-11-29 14:36:08 --> Session: Class initialized using 'CodeIgniter\Session\Handlers\FileHandler' driver.
INFO - 2023-11-29 14:36:08 --> Session: Class initialized using 'CodeIgniter\Session\Handlers\FileHandler' driver.
INFO - 2023-11-29 14:36:42 --> Session: Class initialized using 'CodeIgniter\Session\Handlers\FileHandler' driver.
INFO - 2023-11-29 14:37:33 --> Session: Class initialized using 'CodeIgniter\Session\Handlers\FileHandler' driver.
INFO - 2023-11-29 14:37:37 --> Session: Class initialized using 'CodeIgniter\Session\Handlers\FileHandler' driver.
INFO - 2023-11-29 14:37:40 --> Session: Class initialized using 'CodeIgniter\Session\Handlers\FileHandler' driver.
INFO - 2023-11-29 14:40:13 --> Session: Class initialized using 'CodeIgniter\Session\Handlers\FileHandler' driver.
INFO - 2023-11-29 14:40:15 --> Session: Class initialized using 'CodeIgniter\Session\Handlers\FileHandler' driver.
INFO - 2023-11-29 14:40:19 --> Session: Class initialized using 'CodeIgniter\Session\Handlers\FileHandler' driver.
INFO - 2023-11-29 14:42:13 --> Session: Class initialized using 'CodeIgniter\Session\Handlers\FileHandler' driver.
INFO - 2023-11-29 14:42:17 --> Session: Class initialized using 'CodeIgniter\Session\Handlers\FileHandler' driver.
INFO - 2023-11-29 14:42:19 --> Session: Class initialized using 'CodeIgniter\Session\Handlers\FileHandler' driver.
INFO - 2023-11-29 14:42:33 --> Session: Class initialized using 'CodeIgniter\Session\Handlers\FileHandler' driver.
INFO - 2023-11-29 14:42:37 --> Session: Class initialized using 'CodeIgniter\Session\Handlers\FileHandler' driver.
INFO - 2023-11-29 14:42:57 --> Session: Class initialized using 'CodeIgniter\Session\Handlers\FileHandler' driver.
INFO - 2023-11-29 14:43:13 --> Session: Class initialized using 'CodeIgniter\Session\Handlers\FileHandler' driver.
INFO - 2023-11-29 14:43:16 --> Session: Class initialized using 'CodeIgniter\Session\Handlers\FileHandler' driver.
INFO - 2023-11-29 14:44:19 --> Session: Class initialized using 'CodeIgniter\Session\Handlers\FileHandler' driver.
INFO - 2023-11-29 14:44:21 --> Session: Class initialized using 'CodeIgniter\Session\Handlers\FileHandler' driver.
INFO - 2023-11-29 14:44:23 --> Session: Class initialized using 'CodeIgniter\Session\Handlers\FileHandler' driver.
INFO - 2023-11-29 14:44:36 --> Session: Class initialized using 'CodeIgniter\Session\Handlers\FileHandler' driver.
INFO - 2023-11-29 14:45:59 --> Session: Class initialized using 'CodeIgniter\Session\Handlers\FileHandler' driver.
INFO - 2023-11-29 14:46:19 --> Session: Class initialized using 'CodeIgniter\Session\Handlers\FileHandler' driver.
INFO - 2023-11-29 14:54:07 --> Session: Class initialized using 'CodeIgniter\Session\Handlers\FileHandler' driver.
INFO - 2023-11-29 14:54:14 --> Session: Class initialized using 'CodeIgniter\Session\Handlers\FileHandler' driver.
INFO - 2023-11-29 14:54:17 --> Session: Class initialized using 'CodeIgniter\Session\Handlers\FileHandler' driver.
INFO - 2023-11-29 14:54:21 --> Session: Class initialized using 'CodeIgniter\Session\Handlers\FileHandler' driver.
INFO - 2023-11-29 15:05:33 --> Session: Class initialized using 'CodeIgniter\Session\Handlers\FileHandler' driver.
INFO - 2023-11-29 15:05:35 --> Session: Class initialized using 'CodeIgniter\Session\Handlers\FileHandler' driver.
INFO - 2023-11-29 15:05:42 --> Session: Class initialized using 'CodeIgniter\Session\Handlers\FileHandler' driver.
INFO - 2023-11-29 15:06:04 --> Session: Class initialized using 'CodeIgniter\Session\Handlers\FileHandler' driver.
INFO - 2023-11-29 15:12:09 --> Session: Class initialized using 'CodeIgniter\Session\Handlers\FileHandler' driver.
INFO - 2023-11-29 15:12:11 --> Session: Class initialized using 'CodeIgniter\Session\Handlers\FileHandler' driver.
INFO - 2023-11-29 15:13:17 --> Session: Class initialized using 'CodeIgniter\Session\Handlers\FileHandler' driver.
INFO - 2023-11-29 15:23:43 --> Session: Class initialized using 'CodeIgniter\Session\Handlers\FileHandler' driver.
CRITICAL - 2023-11-29 15:24:22 --> Object of class CURLFile could not be converted to string
in SYSTEMPATH\HTTP\CURLRequest.php on line 685.
 1 SYSTEMPATH\HTTP\CURLRequest.php(685): curl_setopt_array(Object(CurlHandle), [...])
 2 SYSTEMPATH\HTTP\CURLRequest.php(385): CodeIgniter\HTTP\CURLRequest->sendRequest([...])
 3 SYSTEMPATH\HTTP\CURLRequest.php(143): CodeIgniter\HTTP\CURLRequest->send('POST', 'http://103.83.7.7/gki_api/public/api/jemaat/updateFeedback')
 4 APPPATH\Controllers\Penjadwalan.php(211): CodeIgniter\HTTP\CURLRequest->request('POST', 'http://103.83.7.7/gki_api/public/api/jemaat/updateFeedback', [...])
 5 SYSTEMPATH\CodeIgniter.php(919): App\Controllers\Penjadwalan->postUpdateFeedbackApi()
 6 SYSTEMPATH\CodeIgniter.php(494): CodeIgniter\CodeIgniter->runController(Object(App\Controllers\Penjadwalan))
 7 SYSTEMPATH\CodeIgniter.php(353): CodeIgniter\CodeIgniter->handleRequest(null, Object(Config\Cache), false)
 8 FCPATH\index.php(79): CodeIgniter\CodeIgniter->run()
CRITICAL - 2023-11-29 15:24:22 --> Uncaught CodeIgniter\Format\Exceptions\FormatException: Failed to parse JSON string. Error: Type is not supported in C:\xampp\htdocs\gki_delima\system\Format\JSONFormatter.php:41
Stack trace:
#0 C:\xampp\htdocs\gki_delima\system\Format\JSONFormatter.php(41): CodeIgniter\Format\Exceptions\FormatException::forInvalidJSON('Type is not sup...')
#1 C:\xampp\htdocs\gki_delima\system\API\ResponseTrait.php(345): CodeIgniter\Format\JSONFormatter->format(Array)
#2 C:\xampp\htdocs\gki_delima\system\API\ResponseTrait.php(98): CodeIgniter\Debug\ExceptionHandler->format(Array)
#3 C:\xampp\htdocs\gki_delima\system\Debug\ExceptionHandler.php(78): CodeIgniter\Debug\ExceptionHandler->respond(Array, 500)
#4 C:\xampp\htdocs\gki_delima\system\Debug\Exceptions.php(146): CodeIgniter\Debug\ExceptionHandler->handle(Object(Error), Object(CodeIgniter\HTTP\IncomingRequest), Object(CodeIgniter\HTTP\Response), 500, 1)
#5 [internal function]: CodeIgniter\Debug\Exceptions->exceptionHandler(Object(Error))
#6 {main}
  thrown
【Previous Exception】
Error
Object of class CURLFile could not be converted to string
#0 C:\xampp\htdocs\gki_delima\system\HTTP\CURLRequest.php(685): curl_setopt_array(Object(CurlHandle), Array)
#1 C:\xampp\htdocs\gki_delima\system\HTTP\CURLRequest.php(385): CodeIgniter\HTTP\CURLRequest->sendRequest(Array)
#2 C:\xampp\htdocs\gki_delima\system\HTTP\CURLRequest.php(143): CodeIgniter\HTTP\CURLRequest->send('POST', 'http://103.83.7...')
#3 C:\xampp\htdocs\gki_delima\app\Controllers\Penjadwalan.php(211): CodeIgniter\HTTP\CURLRequest->request('POST', 'http://103.83.7...', Array)
#4 C:\xampp\htdocs\gki_delima\system\CodeIgniter.php(919): App\Controllers\Penjadwalan->postUpdateFeedbackApi()
#5 C:\xampp\htdocs\gki_delima\system\CodeIgniter.php(494): CodeIgniter\CodeIgniter->runController(Object(App\Controllers\Penjadwalan))
#6 C:\xampp\htdocs\gki_delima\system\CodeIgniter.php(353): CodeIgniter\CodeIgniter->handleRequest(NULL, Object(Config\Cache), false)
#7 C:\xampp\htdocs\gki_delima\public\index.php(79): CodeIgniter\CodeIgniter->run()
#8 {main}
in SYSTEMPATH\Format\JSONFormatter.php on line 41.
 1 [internal function]: CodeIgniter\Debug\Exceptions->shutdownHandler()
CRITICAL - 2023-11-29 15:26:17 --> Object of class CURLFile could not be converted to string
in SYSTEMPATH\HTTP\CURLRequest.php on line 685.
 1 SYSTEMPATH\HTTP\CURLRequest.php(685): curl_setopt_array(Object(CurlHandle), [...])
 2 SYSTEMPATH\HTTP\CURLRequest.php(385): CodeIgniter\HTTP\CURLRequest->sendRequest([...])
 3 SYSTEMPATH\HTTP\CURLRequest.php(143): CodeIgniter\HTTP\CURLRequest->send('POST', 'http://103.83.7.7/gki_api/public/api/jemaat/updateFeedback')
 4 APPPATH\Controllers\Penjadwalan.php(211): CodeIgniter\HTTP\CURLRequest->request('POST', 'http://103.83.7.7/gki_api/public/api/jemaat/updateFeedback', [...])
 5 SYSTEMPATH\CodeIgniter.php(919): App\Controllers\Penjadwalan->postUpdateFeedbackApi()
 6 SYSTEMPATH\CodeIgniter.php(494): CodeIgniter\CodeIgniter->runController(Object(App\Controllers\Penjadwalan))
 7 SYSTEMPATH\CodeIgniter.php(353): CodeIgniter\CodeIgniter->handleRequest(null, Object(Config\Cache), false)
 8 FCPATH\index.php(79): CodeIgniter\CodeIgniter->run()
CRITICAL - 2023-11-29 15:26:17 --> Uncaught CodeIgniter\Format\Exceptions\FormatException: Failed to parse JSON string. Error: Type is not supported in C:\xampp\htdocs\gki_delima\system\Format\JSONFormatter.php:41
Stack trace:
#0 C:\xampp\htdocs\gki_delima\system\Format\JSONFormatter.php(41): CodeIgniter\Format\Exceptions\FormatException::forInvalidJSON('Type is not sup...')
#1 C:\xampp\htdocs\gki_delima\system\API\ResponseTrait.php(345): CodeIgniter\Format\JSONFormatter->format(Array)
#2 C:\xampp\htdocs\gki_delima\system\API\ResponseTrait.php(98): CodeIgniter\Debug\ExceptionHandler->format(Array)
#3 C:\xampp\htdocs\gki_delima\system\Debug\ExceptionHandler.php(78): CodeIgniter\Debug\ExceptionHandler->respond(Array, 500)
#4 C:\xampp\htdocs\gki_delima\system\Debug\Exceptions.php(146): CodeIgniter\Debug\ExceptionHandler->handle(Object(Error), Object(CodeIgniter\HTTP\IncomingRequest), Object(CodeIgniter\HTTP\Response), 500, 1)
#5 [internal function]: CodeIgniter\Debug\Exceptions->exceptionHandler(Object(Error))
#6 {main}
  thrown
【Previous Exception】
Error
Object of class CURLFile could not be converted to string
#0 C:\xampp\htdocs\gki_delima\system\HTTP\CURLRequest.php(685): curl_setopt_array(Object(CurlHandle), Array)
#1 C:\xampp\htdocs\gki_delima\system\HTTP\CURLRequest.php(385): CodeIgniter\HTTP\CURLRequest->sendRequest(Array)
#2 C:\xampp\htdocs\gki_delima\system\HTTP\CURLRequest.php(143): CodeIgniter\HTTP\CURLRequest->send('POST', 'http://103.83.7...')
#3 C:\xampp\htdocs\gki_delima\app\Controllers\Penjadwalan.php(211): CodeIgniter\HTTP\CURLRequest->request('POST', 'http://103.83.7...', Array)
#4 C:\xampp\htdocs\gki_delima\system\CodeIgniter.php(919): App\Controllers\Penjadwalan->postUpdateFeedbackApi()
#5 C:\xampp\htdocs\gki_delima\system\CodeIgniter.php(494): CodeIgniter\CodeIgniter->runController(Object(App\Controllers\Penjadwalan))
#6 C:\xampp\htdocs\gki_delima\system\CodeIgniter.php(353): CodeIgniter\CodeIgniter->handleRequest(NULL, Object(Config\Cache), false)
#7 C:\xampp\htdocs\gki_delima\public\index.php(79): CodeIgniter\CodeIgniter->run()
#8 {main}
in SYSTEMPATH\Format\JSONFormatter.php on line 41.
 1 [internal function]: CodeIgniter\Debug\Exceptions->shutdownHandler()
CRITICAL - 2023-11-29 15:27:20 --> Undefined array key "multipart"
in APPPATH\Controllers\Penjadwalan.php on line 208.
 1 APPPATH\Controllers\Penjadwalan.php(208): CodeIgniter\Debug\Exceptions->errorHandler(2, 'Undefined array key "multipart"', 'C:\\xampp\\htdocs\\gki_delima\\app\\Controllers\\Penjadwalan.php', 208)
 2 SYSTEMPATH\CodeIgniter.php(919): App\Controllers\Penjadwalan->postUpdateFeedbackApi()
 3 SYSTEMPATH\CodeIgniter.php(494): CodeIgniter\CodeIgniter->runController(Object(App\Controllers\Penjadwalan))
 4 SYSTEMPATH\CodeIgniter.php(353): CodeIgniter\CodeIgniter->handleRequest(null, Object(Config\Cache), false)
 5 FCPATH\index.php(79): CodeIgniter\CodeIgniter->run()
INFO - 2023-11-29 15:28:08 --> Session: Class initialized using 'CodeIgniter\Session\Handlers\FileHandler' driver.
INFO - 2023-11-29 15:29:18 --> Session: Class initialized using 'CodeIgniter\Session\Handlers\FileHandler' driver.
INFO - 2023-11-29 16:02:29 --> Session: Class initialized using 'CodeIgniter\Session\Handlers\FileHandler' driver.
CRITICAL - 2023-11-29 16:02:30 --> The action you requested is not allowed.
in SYSTEMPATH\Security\Security.php on line 298.
 1 SYSTEMPATH\Security\Security.php(298): CodeIgniter\Security\Exceptions\SecurityException::forDisallowedAction()
 2 SYSTEMPATH\Filters\CSRF.php(55): CodeIgniter\Security\Security->verify(Object(CodeIgniter\HTTP\IncomingRequest))
 3 SYSTEMPATH\Filters\Filters.php(180): CodeIgniter\Filters\CSRF->before(Object(CodeIgniter\HTTP\IncomingRequest), null)
 4 SYSTEMPATH\CodeIgniter.php(466): CodeIgniter\Filters\Filters->run('penjadwalan/JadwalFromApi', 'before')
 5 SYSTEMPATH\CodeIgniter.php(353): CodeIgniter\CodeIgniter->handleRequest(null, Object(Config\Cache), false)
 6 FCPATH\index.php(79): CodeIgniter\CodeIgniter->run()
INFO - 2023-11-29 16:02:46 --> Session: Class initialized using 'CodeIgniter\Session\Handlers\FileHandler' driver.
INFO - 2023-11-29 16:02:52 --> Session: Class initialized using 'CodeIgniter\Session\Handlers\FileHandler' driver.
CRITICAL - 2023-11-29 16:02:52 --> The action you requested is not allowed.
in SYSTEMPATH\Security\Security.php on line 298.
 1 SYSTEMPATH\Security\Security.php(298): CodeIgniter\Security\Exceptions\SecurityException::forDisallowedAction()
 2 SYSTEMPATH\Filters\CSRF.php(55): CodeIgniter\Security\Security->verify(Object(CodeIgniter\HTTP\IncomingRequest))
 3 SYSTEMPATH\Filters\Filters.php(180): CodeIgniter\Filters\CSRF->before(Object(CodeIgniter\HTTP\IncomingRequest), null)
 4 SYSTEMPATH\CodeIgniter.php(466): CodeIgniter\Filters\Filters->run('penjadwalan/JadwalFromApi', 'before')
 5 SYSTEMPATH\CodeIgniter.php(353): CodeIgniter\CodeIgniter->handleRequest(null, Object(Config\Cache), false)
 6 FCPATH\index.php(79): CodeIgniter\CodeIgniter->run()
INFO - 2023-11-29 16:03:20 --> Session: Class initialized using 'CodeIgniter\Session\Handlers\FileHandler' driver.
INFO - 2023-11-29 16:03:43 --> Session: Class initialized using 'CodeIgniter\Session\Handlers\FileHandler' driver.
INFO - 2023-11-29 16:03:52 --> Session: Class initialized using 'CodeIgniter\Session\Handlers\FileHandler' driver.
INFO - 2023-11-29 16:03:56 --> Session: Class initialized using 'CodeIgniter\Session\Handlers\FileHandler' driver.
INFO - 2023-11-29 16:03:56 --> Session: Class initialized using 'CodeIgniter\Session\Handlers\FileHandler' driver.
INFO - 2023-11-29 16:03:59 --> Session: Class initialized using 'CodeIgniter\Session\Handlers\FileHandler' driver.
INFO - 2023-11-29 16:03:59 --> Session: Class initialized using 'CodeIgniter\Session\Handlers\FileHandler' driver.
INFO - 2023-11-29 16:04:03 --> Session: Class initialized using 'CodeIgniter\Session\Handlers\FileHandler' driver.
CRITICAL - 2023-11-29 16:04:28 --> The action you requested is not allowed.
in SYSTEMPATH\Security\Security.php on line 298.
 1 SYSTEMPATH\Security\Security.php(298): CodeIgniter\Security\Exceptions\SecurityException::forDisallowedAction()
 2 SYSTEMPATH\Filters\CSRF.php(55): CodeIgniter\Security\Security->verify(Object(CodeIgniter\HTTP\IncomingRequest))
 3 SYSTEMPATH\Filters\Filters.php(180): CodeIgniter\Filters\CSRF->before(Object(CodeIgniter\HTTP\IncomingRequest), null)
 4 SYSTEMPATH\CodeIgniter.php(466): CodeIgniter\Filters\Filters->run('penjadwalan/updateFeedbackApi', 'before')
 5 SYSTEMPATH\CodeIgniter.php(353): CodeIgniter\CodeIgniter->handleRequest(null, Object(Config\Cache), false)
 6 FCPATH\index.php(79): CodeIgniter\CodeIgniter->run()
CRITICAL - 2023-11-29 16:05:53 --> Undefined array key "form_params"
in APPPATH\Controllers\Penjadwalan.php on line 208.
 1 APPPATH\Controllers\Penjadwalan.php(208): CodeIgniter\Debug\Exceptions->errorHandler(2, 'Undefined array key "form_params"', 'C:\\xampp\\htdocs\\gki_delima\\app\\Controllers\\Penjadwalan.php', 208)
 2 SYSTEMPATH\CodeIgniter.php(919): App\Controllers\Penjadwalan->postUpdateFeedbackApi()
 3 SYSTEMPATH\CodeIgniter.php(494): CodeIgniter\CodeIgniter->runController(Object(App\Controllers\Penjadwalan))
 4 SYSTEMPATH\CodeIgniter.php(353): CodeIgniter\CodeIgniter->handleRequest(null, Object(Config\Cache), false)
 5 FCPATH\index.php(79): CodeIgniter\CodeIgniter->run()
CRITICAL - 2023-11-29 16:07:19 --> Undefined array key "multipart"
in APPPATH\Controllers\Penjadwalan.php on line 209.
 1 APPPATH\Controllers\Penjadwalan.php(209): CodeIgniter\Debug\Exceptions->errorHandler(2, 'Undefined array key "multipart"', 'C:\\xampp\\htdocs\\gki_delima\\app\\Controllers\\Penjadwalan.php', 209)
 2 SYSTEMPATH\CodeIgniter.php(919): App\Controllers\Penjadwalan->postUpdateFeedbackApi()
 3 SYSTEMPATH\CodeIgniter.php(494): CodeIgniter\CodeIgniter->runController(Object(App\Controllers\Penjadwalan))
 4 SYSTEMPATH\CodeIgniter.php(353): CodeIgniter\CodeIgniter->handleRequest(null, Object(Config\Cache), false)
 5 FCPATH\index.php(79): CodeIgniter\CodeIgniter->run()
INFO - 2023-11-29 16:14:22 --> Session: Class initialized using 'CodeIgniter\Session\Handlers\FileHandler' driver.
CRITICAL - 2023-11-29 16:14:43 --> 28 : Failed to connect to 103.83.7.7 port 80 after 21031 ms: Timed out
in SYSTEMPATH\HTTP\CURLRequest.php on line 691.
 1 SYSTEMPATH\HTTP\CURLRequest.php(691): CodeIgniter\HTTP\Exceptions\HTTPException::forCurlError('28', 'Failed to connect to 103.83.7.7 port 80 after 21031 ms: Timed out')
 2 SYSTEMPATH\HTTP\CURLRequest.php(385): CodeIgniter\HTTP\CURLRequest->sendRequest([...])
 3 SYSTEMPATH\HTTP\CURLRequest.php(143): CodeIgniter\HTTP\CURLRequest->send('POST', 'http://103.83.7.7/gki_api/public/api/jemaat/updateFeedback')
 4 APPPATH\Controllers\Penjadwalan.php(206): CodeIgniter\HTTP\CURLRequest->request('POST', 'http://103.83.7.7/gki_api/public/api/jemaat/updateFeedback', [...])
 5 SYSTEMPATH\CodeIgniter.php(919): App\Controllers\Penjadwalan->postUpdateFeedbackApi()
 6 SYSTEMPATH\CodeIgniter.php(494): CodeIgniter\CodeIgniter->runController(Object(App\Controllers\Penjadwalan))
 7 SYSTEMPATH\CodeIgniter.php(353): CodeIgniter\CodeIgniter->handleRequest(null, Object(Config\Cache), false)
 8 FCPATH\index.php(79): CodeIgniter\CodeIgniter->run()
CRITICAL - 2023-11-29 16:14:43 --> Uncaught CodeIgniter\Format\Exceptions\FormatException: Failed to parse JSON string. Error: Type is not supported in C:\xampp\htdocs\gki_delima\system\Format\JSONFormatter.php:41
Stack trace:
#0 C:\xampp\htdocs\gki_delima\system\Format\JSONFormatter.php(41): CodeIgniter\Format\Exceptions\FormatException::forInvalidJSON('Type is not sup...')
#1 C:\xampp\htdocs\gki_delima\system\API\ResponseTrait.php(345): CodeIgniter\Format\JSONFormatter->format(Array)
#2 C:\xampp\htdocs\gki_delima\system\API\ResponseTrait.php(98): CodeIgniter\Debug\ExceptionHandler->format(Array)
#3 C:\xampp\htdocs\gki_delima\system\Debug\ExceptionHandler.php(78): CodeIgniter\Debug\ExceptionHandler->respond(Array, 500)
#4 C:\xampp\htdocs\gki_delima\system\Debug\Exceptions.php(146): CodeIgniter\Debug\ExceptionHandler->handle(Object(CodeIgniter\HTTP\Exceptions\HTTPException), Object(CodeIgniter\HTTP\IncomingRequest), Object(CodeIgniter\HTTP\Response), 500, 1)
#5 [internal function]: CodeIgniter\Debug\Exceptions->exceptionHandler(Object(CodeIgniter\HTTP\Exceptions\HTTPException))
#6 {main}
  thrown
【Previous Exception】
CodeIgniter\HTTP\Exceptions\HTTPException
28 : Failed to connect to 103.83.7.7 port 80 after 21031 ms: Timed out
#0 C:\xampp\htdocs\gki_delima\system\HTTP\CURLRequest.php(691): CodeIgniter\HTTP\Exceptions\HTTPException::forCurlError('28', 'Failed to conne...')
#1 C:\xampp\htdocs\gki_delima\system\HTTP\CURLRequest.php(385): CodeIgniter\HTTP\CURLRequest->sendRequest(Array)
#2 C:\xampp\htdocs\gki_delima\system\HTTP\CURLRequest.php(143): CodeIgniter\HTTP\CURLRequest->send('POST', 'http://103.83.7...')
#3 C:\xampp\htdocs\gki_delima\app\Controllers\Penjadwalan.php(206): CodeIgniter\HTTP\CURLRequest->request('POST', 'http://103.83.7...', Array)
#4 C:\xampp\htdocs\gki_delima\system\CodeIgniter.php(919): App\Controllers\Penjadwalan->postUpdateFeedbackApi()
#5 C:\xampp\htdocs\gki_delima\system\CodeIgniter.php(494): CodeIgniter\CodeIgniter->runController(Object(App\Controllers\Penjadwalan))
#6 C:\xampp\htdocs\gki_delima\system\CodeIgniter.php(353): CodeIgniter\CodeIgniter->handleRequest(NULL, Object(Config\Cache), false)
#7 C:\xampp\htdocs\gki_delima\public\index.php(79): CodeIgniter\CodeIgniter->run()
#8 {main}
in SYSTEMPATH\Format\JSONFormatter.php on line 41.
 1 [internal function]: CodeIgniter\Debug\Exceptions->shutdownHandler()
INFO - 2023-11-29 16:14:43 --> Session: Class initialized using 'CodeIgniter\Session\Handlers\FileHandler' driver.
CRITICAL - 2023-11-29 16:14:55 --> 28 : Failed to connect to 103.83.7.7 port 80 after 21015 ms: Timed out
in SYSTEMPATH\HTTP\CURLRequest.php on line 691.
 1 SYSTEMPATH\HTTP\CURLRequest.php(691): CodeIgniter\HTTP\Exceptions\HTTPException::forCurlError('28', 'Failed to connect to 103.83.7.7 port 80 after 21015 ms: Timed out')
 2 SYSTEMPATH\HTTP\CURLRequest.php(385): CodeIgniter\HTTP\CURLRequest->sendRequest([...])
 3 SYSTEMPATH\HTTP\CURLRequest.php(143): CodeIgniter\HTTP\CURLRequest->send('GET', 'http://103.83.7.7/gki_api/public/api/jemaat/getJemaat')
 4 APPPATH\Models\Api_Model.php(102): CodeIgniter\HTTP\CURLRequest->request('GET', 'http://103.83.7.7/gki_api/public/api/jemaat/getJemaat', [...])
 5 APPPATH\Controllers\Penjadwalan.php(30): App\Models\Api_Model->getToApi('getJemaat')
 6 SYSTEMPATH\CodeIgniter.php(919): App\Controllers\Penjadwalan->getIndex()
 7 SYSTEMPATH\CodeIgniter.php(494): CodeIgniter\CodeIgniter->runController(Object(App\Controllers\Penjadwalan))
 8 SYSTEMPATH\CodeIgniter.php(353): CodeIgniter\CodeIgniter->handleRequest(null, Object(Config\Cache), false)
 9 FCPATH\index.php(79): CodeIgniter\CodeIgniter->run()
CRITICAL - 2023-11-29 16:15:04 --> 28 : Failed to connect to 103.83.7.7 port 80 after 21026 ms: Timed out
in SYSTEMPATH\HTTP\CURLRequest.php on line 691.
 1 SYSTEMPATH\HTTP\CURLRequest.php(691): CodeIgniter\HTTP\Exceptions\HTTPException::forCurlError('28', 'Failed to connect to 103.83.7.7 port 80 after 21026 ms: Timed out')
 2 SYSTEMPATH\HTTP\CURLRequest.php(385): CodeIgniter\HTTP\CURLRequest->sendRequest([...])
 3 SYSTEMPATH\HTTP\CURLRequest.php(143): CodeIgniter\HTTP\CURLRequest->send('POST', 'http://103.83.7.7/gki_api/public/api/jemaat/updateFeedback')
 4 APPPATH\Controllers\Penjadwalan.php(206): CodeIgniter\HTTP\CURLRequest->request('POST', 'http://103.83.7.7/gki_api/public/api/jemaat/updateFeedback', [...])
 5 SYSTEMPATH\CodeIgniter.php(919): App\Controllers\Penjadwalan->postUpdateFeedbackApi()
 6 SYSTEMPATH\CodeIgniter.php(494): CodeIgniter\CodeIgniter->runController(Object(App\Controllers\Penjadwalan))
 7 SYSTEMPATH\CodeIgniter.php(353): CodeIgniter\CodeIgniter->handleRequest(null, Object(Config\Cache), false)
 8 FCPATH\index.php(79): CodeIgniter\CodeIgniter->run()
CRITICAL - 2023-11-29 16:15:04 --> Uncaught CodeIgniter\Format\Exceptions\FormatException: Failed to parse JSON string. Error: Type is not supported in C:\xampp\htdocs\gki_delima\system\Format\JSONFormatter.php:41
Stack trace:
#0 C:\xampp\htdocs\gki_delima\system\Format\JSONFormatter.php(41): CodeIgniter\Format\Exceptions\FormatException::forInvalidJSON('Type is not sup...')
#1 C:\xampp\htdocs\gki_delima\system\API\ResponseTrait.php(345): CodeIgniter\Format\JSONFormatter->format(Array)
#2 C:\xampp\htdocs\gki_delima\system\API\ResponseTrait.php(98): CodeIgniter\Debug\ExceptionHandler->format(Array)
#3 C:\xampp\htdocs\gki_delima\system\Debug\ExceptionHandler.php(78): CodeIgniter\Debug\ExceptionHandler->respond(Array, 500)
#4 C:\xampp\htdocs\gki_delima\system\Debug\Exceptions.php(146): CodeIgniter\Debug\ExceptionHandler->handle(Object(CodeIgniter\HTTP\Exceptions\HTTPException), Object(CodeIgniter\HTTP\IncomingRequest), Object(CodeIgniter\HTTP\Response), 500, 1)
#5 [internal function]: CodeIgniter\Debug\Exceptions->exceptionHandler(Object(CodeIgniter\HTTP\Exceptions\HTTPException))
#6 {main}
  thrown
【Previous Exception】
CodeIgniter\HTTP\Exceptions\HTTPException
28 : Failed to connect to 103.83.7.7 port 80 after 21026 ms: Timed out
#0 C:\xampp\htdocs\gki_delima\system\HTTP\CURLRequest.php(691): CodeIgniter\HTTP\Exceptions\HTTPException::forCurlError('28', 'Failed to conne...')
#1 C:\xampp\htdocs\gki_delima\system\HTTP\CURLRequest.php(385): CodeIgniter\HTTP\CURLRequest->sendRequest(Array)
#2 C:\xampp\htdocs\gki_delima\system\HTTP\CURLRequest.php(143): CodeIgniter\HTTP\CURLRequest->send('POST', 'http://103.83.7...')
#3 C:\xampp\htdocs\gki_delima\app\Controllers\Penjadwalan.php(206): CodeIgniter\HTTP\CURLRequest->request('POST', 'http://103.83.7...', Array)
#4 C:\xampp\htdocs\gki_delima\system\CodeIgniter.php(919): App\Controllers\Penjadwalan->postUpdateFeedbackApi()
#5 C:\xampp\htdocs\gki_delima\system\CodeIgniter.php(494): CodeIgniter\CodeIgniter->runController(Object(App\Controllers\Penjadwalan))
#6 C:\xampp\htdocs\gki_delima\system\CodeIgniter.php(353): CodeIgniter\CodeIgniter->handleRequest(NULL, Object(Config\Cache), false)
#7 C:\xampp\htdocs\gki_delima\public\index.php(79): CodeIgniter\CodeIgniter->run()
#8 {main}
in SYSTEMPATH\Format\JSONFormatter.php on line 41.
 1 [internal function]: CodeIgniter\Debug\Exceptions->shutdownHandler()
INFO - 2023-11-29 16:15:04 --> Session: Class initialized using 'CodeIgniter\Session\Handlers\FileHandler' driver.
CRITICAL - 2023-11-29 16:15:29 --> 28 : Failed to connect to 103.83.7.7 port 80 after 21022 ms: Timed out
in SYSTEMPATH\HTTP\CURLRequest.php on line 691.
 1 SYSTEMPATH\HTTP\CURLRequest.php(691): CodeIgniter\HTTP\Exceptions\HTTPException::forCurlError('28', 'Failed to connect to 103.83.7.7 port 80 after 21022 ms: Timed out')
 2 SYSTEMPATH\HTTP\CURLRequest.php(385): CodeIgniter\HTTP\CURLRequest->sendRequest([...])
 3 SYSTEMPATH\HTTP\CURLRequest.php(143): CodeIgniter\HTTP\CURLRequest->send('GET', 'http://103.83.7.7/gki_api/public/api/jemaat/getJemaat')
 4 APPPATH\Models\Api_Model.php(102): CodeIgniter\HTTP\CURLRequest->request('GET', 'http://103.83.7.7/gki_api/public/api/jemaat/getJemaat', [...])
 5 APPPATH\Controllers\Penjadwalan.php(30): App\Models\Api_Model->getToApi('getJemaat')
 6 SYSTEMPATH\CodeIgniter.php(919): App\Controllers\Penjadwalan->getIndex()
 7 SYSTEMPATH\CodeIgniter.php(494): CodeIgniter\CodeIgniter->runController(Object(App\Controllers\Penjadwalan))
 8 SYSTEMPATH\CodeIgniter.php(353): CodeIgniter\CodeIgniter->handleRequest(null, Object(Config\Cache), false)
 9 FCPATH\index.php(79): CodeIgniter\CodeIgniter->run()
CRITICAL - 2023-11-29 16:15:36 --> 28 : Failed to connect to 103.83.7.7 port 80 after 21036 ms: Timed out
in SYSTEMPATH\HTTP\CURLRequest.php on line 691.
 1 SYSTEMPATH\HTTP\CURLRequest.php(691): CodeIgniter\HTTP\Exceptions\HTTPException::forCurlError('28', 'Failed to connect to 103.83.7.7 port 80 after 21036 ms: Timed out')
 2 SYSTEMPATH\HTTP\CURLRequest.php(385): CodeIgniter\HTTP\CURLRequest->sendRequest([...])
 3 SYSTEMPATH\HTTP\CURLRequest.php(143): CodeIgniter\HTTP\CURLRequest->send('GET', 'http://103.83.7.7/gki_api/public/api/jemaat/getLaporan')
 4 APPPATH\Models\Api_Model.php(102): CodeIgniter\HTTP\CURLRequest->request('GET', 'http://103.83.7.7/gki_api/public/api/jemaat/getLaporan', [...])
 5 APPPATH\Controllers\Laporan.php(18): App\Models\Api_Model->getToApi('getLaporan')
 6 SYSTEMPATH\CodeIgniter.php(919): App\Controllers\Laporan->getIndex()
 7 SYSTEMPATH\CodeIgniter.php(494): CodeIgniter\CodeIgniter->runController(Object(App\Controllers\Laporan))
 8 SYSTEMPATH\CodeIgniter.php(353): CodeIgniter\CodeIgniter->handleRequest(null, Object(Config\Cache), false)
 9 FCPATH\index.php(79): CodeIgniter\CodeIgniter->run()
CRITICAL - 2023-11-29 16:15:48 --> 28 : Failed to connect to 103.83.7.7 port 80 after 21032 ms: Timed out
in SYSTEMPATH\HTTP\CURLRequest.php on line 691.
 1 SYSTEMPATH\HTTP\CURLRequest.php(691): CodeIgniter\HTTP\Exceptions\HTTPException::forCurlError('28', 'Failed to connect to 103.83.7.7 port 80 after 21032 ms: Timed out')
 2 SYSTEMPATH\HTTP\CURLRequest.php(385): CodeIgniter\HTTP\CURLRequest->sendRequest([...])
 3 SYSTEMPATH\HTTP\CURLRequest.php(143): CodeIgniter\HTTP\CURLRequest->send('GET', 'http://103.83.7.7/gki_api/public/api/jemaat/getJemaat')
 4 APPPATH\Models\Api_Model.php(102): CodeIgniter\HTTP\CURLRequest->request('GET', 'http://103.83.7.7/gki_api/public/api/jemaat/getJemaat', [...])
 5 APPPATH\Controllers\Penjadwalan.php(30): App\Models\Api_Model->getToApi('getJemaat')
 6 SYSTEMPATH\CodeIgniter.php(919): App\Controllers\Penjadwalan->getIndex()
 7 SYSTEMPATH\CodeIgniter.php(494): CodeIgniter\CodeIgniter->runController(Object(App\Controllers\Penjadwalan))
 8 SYSTEMPATH\CodeIgniter.php(353): CodeIgniter\CodeIgniter->handleRequest(null, Object(Config\Cache), false)
 9 FCPATH\index.php(79): CodeIgniter\CodeIgniter->run()
CRITICAL - 2023-11-29 16:15:50 --> 28 : Failed to connect to 103.83.7.7 port 80 after 21027 ms: Timed out
in SYSTEMPATH\HTTP\CURLRequest.php on line 691.
 1 SYSTEMPATH\HTTP\CURLRequest.php(691): CodeIgniter\HTTP\Exceptions\HTTPException::forCurlError('28', 'Failed to connect to 103.83.7.7 port 80 after 21027 ms: Timed out')
 2 SYSTEMPATH\HTTP\CURLRequest.php(385): CodeIgniter\HTTP\CURLRequest->sendRequest([...])
 3 SYSTEMPATH\HTTP\CURLRequest.php(143): CodeIgniter\HTTP\CURLRequest->send('GET', 'http://103.83.7.7/gki_api/public/api/jemaat/getLaporan')
 4 APPPATH\Models\Api_Model.php(102): CodeIgniter\HTTP\CURLRequest->request('GET', 'http://103.83.7.7/gki_api/public/api/jemaat/getLaporan', [...])
 5 APPPATH\Controllers\Laporan.php(18): App\Models\Api_Model->getToApi('getLaporan')
 6 SYSTEMPATH\CodeIgniter.php(919): App\Controllers\Laporan->getIndex()
 7 SYSTEMPATH\CodeIgniter.php(494): CodeIgniter\CodeIgniter->runController(Object(App\Controllers\Laporan))
 8 SYSTEMPATH\CodeIgniter.php(353): CodeIgniter\CodeIgniter->handleRequest(null, Object(Config\Cache), false)
 9 FCPATH\index.php(79): CodeIgniter\CodeIgniter->run()
CRITICAL - 2023-11-29 16:15:52 --> 28 : Failed to connect to 103.83.7.7 port 80 after 21015 ms: Timed out
in SYSTEMPATH\HTTP\CURLRequest.php on line 691.
 1 SYSTEMPATH\HTTP\CURLRequest.php(691): CodeIgniter\HTTP\Exceptions\HTTPException::forCurlError('28', 'Failed to connect to 103.83.7.7 port 80 after 21015 ms: Timed out')
 2 SYSTEMPATH\HTTP\CURLRequest.php(385): CodeIgniter\HTTP\CURLRequest->sendRequest([...])
 3 SYSTEMPATH\HTTP\CURLRequest.php(143): CodeIgniter\HTTP\CURLRequest->send('GET', 'http://103.83.7.7/gki_api/public/api/jemaat/getJemaat')
 4 APPPATH\Models\Api_Model.php(102): CodeIgniter\HTTP\CURLRequest->request('GET', 'http://103.83.7.7/gki_api/public/api/jemaat/getJemaat', [...])
 5 APPPATH\Controllers\Penjadwalan.php(30): App\Models\Api_Model->getToApi('getJemaat')
 6 SYSTEMPATH\CodeIgniter.php(919): App\Controllers\Penjadwalan->getIndex()
 7 SYSTEMPATH\CodeIgniter.php(494): CodeIgniter\CodeIgniter->runController(Object(App\Controllers\Penjadwalan))
 8 SYSTEMPATH\CodeIgniter.php(353): CodeIgniter\CodeIgniter->handleRequest(null, Object(Config\Cache), false)
 9 FCPATH\index.php(79): CodeIgniter\CodeIgniter->run()
CRITICAL - 2023-11-29 16:16:35 --> 28 : Failed to connect to 103.83.7.7 port 80 after 21032 ms: Timed out
in SYSTEMPATH\HTTP\CURLRequest.php on line 691.
 1 SYSTEMPATH\HTTP\CURLRequest.php(691): CodeIgniter\HTTP\Exceptions\HTTPException::forCurlError('28', 'Failed to connect to 103.83.7.7 port 80 after 21032 ms: Timed out')
 2 SYSTEMPATH\HTTP\CURLRequest.php(385): CodeIgniter\HTTP\CURLRequest->sendRequest([...])
 3 SYSTEMPATH\HTTP\CURLRequest.php(143): CodeIgniter\HTTP\CURLRequest->send('GET', 'http://103.83.7.7/gki_api/public/api/jemaat/getJemaat')
 4 APPPATH\Models\Api_Model.php(102): CodeIgniter\HTTP\CURLRequest->request('GET', 'http://103.83.7.7/gki_api/public/api/jemaat/getJemaat', [...])
 5 APPPATH\Controllers\Penjadwalan.php(30): App\Models\Api_Model->getToApi('getJemaat')
 6 SYSTEMPATH\CodeIgniter.php(919): App\Controllers\Penjadwalan->getIndex()
 7 SYSTEMPATH\CodeIgniter.php(494): CodeIgniter\CodeIgniter->runController(Object(App\Controllers\Penjadwalan))
 8 SYSTEMPATH\CodeIgniter.php(353): CodeIgniter\CodeIgniter->handleRequest(null, Object(Config\Cache), false)
 9 FCPATH\index.php(79): CodeIgniter\CodeIgniter->run()
CRITICAL - 2023-11-29 16:17:06 --> 52 : Empty reply from server
in SYSTEMPATH\HTTP\CURLRequest.php on line 691.
 1 SYSTEMPATH\HTTP\CURLRequest.php(691): CodeIgniter\HTTP\Exceptions\HTTPException::forCurlError('52', 'Empty reply from server')
 2 SYSTEMPATH\HTTP\CURLRequest.php(385): CodeIgniter\HTTP\CURLRequest->sendRequest([...])
 3 SYSTEMPATH\HTTP\CURLRequest.php(143): CodeIgniter\HTTP\CURLRequest->send('GET', 'http://103.83.7.7/gki_api/public/api/jemaat/getPropinsi')
 4 APPPATH\Models\Api_Model.php(102): CodeIgniter\HTTP\CURLRequest->request('GET', 'http://103.83.7.7/gki_api/public/api/jemaat/getPropinsi', [...])
 5 APPPATH\Controllers\Penjadwalan.php(33): App\Models\Api_Model->getToApi('getPropinsi')
 6 SYSTEMPATH\CodeIgniter.php(919): App\Controllers\Penjadwalan->getIndex()
 7 SYSTEMPATH\CodeIgniter.php(494): CodeIgniter\CodeIgniter->runController(Object(App\Controllers\Penjadwalan))
 8 SYSTEMPATH\CodeIgniter.php(353): CodeIgniter\CodeIgniter->handleRequest(null, Object(Config\Cache), false)
 9 FCPATH\index.php(79): CodeIgniter\CodeIgniter->run()
CRITICAL - 2023-11-29 16:17:09 --> 52 : Empty reply from server
in SYSTEMPATH\HTTP\CURLRequest.php on line 691.
 1 SYSTEMPATH\HTTP\CURLRequest.php(691): CodeIgniter\HTTP\Exceptions\HTTPException::forCurlError('52', 'Empty reply from server')
 2 SYSTEMPATH\HTTP\CURLRequest.php(385): CodeIgniter\HTTP\CURLRequest->sendRequest([...])
 3 SYSTEMPATH\HTTP\CURLRequest.php(143): CodeIgniter\HTTP\CURLRequest->send('GET', 'http://103.83.7.7/gki_api/public/api/jemaat/getTalenta')
 4 APPPATH\Models\Api_Model.php(102): CodeIgniter\HTTP\CURLRequest->request('GET', 'http://103.83.7.7/gki_api/public/api/jemaat/getTalenta', [...])
 5 APPPATH\Controllers\Penjadwalan.php(39): App\Models\Api_Model->getToApi('getTalenta')
 6 SYSTEMPATH\CodeIgniter.php(919): App\Controllers\Penjadwalan->getIndex()
 7 SYSTEMPATH\CodeIgniter.php(494): CodeIgniter\CodeIgniter->runController(Object(App\Controllers\Penjadwalan))
 8 SYSTEMPATH\CodeIgniter.php(353): CodeIgniter\CodeIgniter->handleRequest(null, Object(Config\Cache), false)
 9 FCPATH\index.php(79): CodeIgniter\CodeIgniter->run()
INFO - 2023-11-29 16:17:22 --> Session: Class initialized using 'CodeIgniter\Session\Handlers\FileHandler' driver.
INFO - 2023-11-29 16:17:54 --> Session: Class initialized using 'CodeIgniter\Session\Handlers\FileHandler' driver.
INFO - 2023-11-29 16:18:02 --> Session: Class initialized using 'CodeIgniter\Session\Handlers\FileHandler' driver.
INFO - 2023-11-29 16:18:06 --> Session: Class initialized using 'CodeIgniter\Session\Handlers\FileHandler' driver.
INFO - 2023-11-29 16:18:09 --> Session: Class initialized using 'CodeIgniter\Session\Handlers\FileHandler' driver.
INFO - 2023-11-29 16:18:14 --> Session: Class initialized using 'CodeIgniter\Session\Handlers\FileHandler' driver.
INFO - 2023-11-29 16:18:16 --> Session: Class initialized using 'CodeIgniter\Session\Handlers\FileHandler' driver.
INFO - 2023-11-29 16:46:49 --> Session: Class initialized using 'CodeIgniter\Session\Handlers\FileHandler' driver.
INFO - 2023-11-29 16:47:01 --> Session: Class initialized using 'CodeIgniter\Session\Handlers\FileHandler' driver.
INFO - 2023-11-29 16:48:17 --> Session: Class initialized using 'CodeIgniter\Session\Handlers\FileHandler' driver.
CRITICAL - 2023-11-29 16:54:21 --> Maximum execution time of 120 seconds exceeded
in SYSTEMPATH\HTTP\CURLRequest.php on line 688.
 1 [internal function]: CodeIgniter\Debug\Exceptions->shutdownHandler()
CRITICAL - 2023-11-29 16:54:21 --> Maximum execution time of 120 seconds exceeded
in SYSTEMPATH\HTTP\CURLRequest.php on line 688.
 1 [internal function]: CodeIgniter\Debug\Exceptions->shutdownHandler()
CRITICAL - 2023-11-29 16:54:21 --> Maximum execution time of 120 seconds exceeded
in SYSTEMPATH\HTTP\CURLRequest.php on line 688.
 1 [internal function]: CodeIgniter\Debug\Exceptions->shutdownHandler()
INFO - 2023-11-29 17:16:18 --> Session: Class initialized using 'CodeIgniter\Session\Handlers\FileHandler' driver.
INFO - 2023-11-29 17:42:12 --> Session: Class initialized using 'CodeIgniter\Session\Handlers\FileHandler' driver.
INFO - 2023-11-29 17:42:35 --> Session: Class initialized using 'CodeIgniter\Session\Handlers\FileHandler' driver.
INFO - 2023-11-29 17:42:37 --> Session: Class initialized using 'CodeIgniter\Session\Handlers\FileHandler' driver.
INFO - 2023-11-29 17:44:07 --> Session: Class initialized using 'CodeIgniter\Session\Handlers\FileHandler' driver.
INFO - 2023-11-29 17:46:04 --> Session: Class initialized using 'CodeIgniter\Session\Handlers\FileHandler' driver.
INFO - 2023-11-29 17:48:19 --> Session: Class initialized using 'CodeIgniter\Session\Handlers\FileHandler' driver.
INFO - 2023-11-29 17:49:01 --> Session: Class initialized using 'CodeIgniter\Session\Handlers\FileHandler' driver.
INFO - 2023-11-29 17:49:38 --> Session: Class initialized using 'CodeIgniter\Session\Handlers\FileHandler' driver.
INFO - 2023-11-29 17:50:19 --> Session: Class initialized using 'CodeIgniter\Session\Handlers\FileHandler' driver.
INFO - 2023-11-29 17:51:01 --> Session: Class initialized using 'CodeIgniter\Session\Handlers\FileHandler' driver.
INFO - 2023-11-29 17:51:58 --> Session: Class initialized using 'CodeIgniter\Session\Handlers\FileHandler' driver.
INFO - 2023-11-29 17:52:19 --> Session: Class initialized using 'CodeIgniter\Session\Handlers\FileHandler' driver.
INFO - 2023-11-29 17:53:09 --> Session: Class initialized using 'CodeIgniter\Session\Handlers\FileHandler' driver.
INFO - 2023-11-29 17:54:32 --> Session: Class initialized using 'CodeIgniter\Session\Handlers\FileHandler' driver.
INFO - 2023-11-29 17:55:15 --> Session: Class initialized using 'CodeIgniter\Session\Handlers\FileHandler' driver.
INFO - 2023-11-29 17:56:23 --> Session: Class initialized using 'CodeIgniter\Session\Handlers\FileHandler' driver.
INFO - 2023-11-29 17:56:27 --> Session: Class initialized using 'CodeIgniter\Session\Handlers\FileHandler' driver.
INFO - 2023-11-29 17:56:28 --> Session: Class initialized using 'CodeIgniter\Session\Handlers\FileHandler' driver.
INFO - 2023-11-29 17:56:31 --> Session: Class initialized using 'CodeIgniter\Session\Handlers\FileHandler' driver.
INFO - 2023-11-29 17:58:26 --> Session: Class initialized using 'CodeIgniter\Session\Handlers\FileHandler' driver.
INFO - 2023-11-29 17:59:38 --> Session: Class initialized using 'CodeIgniter\Session\Handlers\FileHandler' driver.
INFO - 2023-11-29 18:02:44 --> Session: Class initialized using 'CodeIgniter\Session\Handlers\FileHandler' driver.
INFO - 2023-11-29 18:03:52 --> Session: Class initialized using 'CodeIgniter\Session\Handlers\FileHandler' driver.
INFO - 2023-11-29 18:04:31 --> Session: Class initialized using 'CodeIgniter\Session\Handlers\FileHandler' driver.
INFO - 2023-11-29 18:05:53 --> Session: Class initialized using 'CodeIgniter\Session\Handlers\FileHandler' driver.
INFO - 2023-11-29 18:06:06 --> Session: Class initialized using 'CodeIgniter\Session\Handlers\FileHandler' driver.
INFO - 2023-11-29 18:08:58 --> Session: Class initialized using 'CodeIgniter\Session\Handlers\FileHandler' driver.
INFO - 2023-11-29 18:30:45 --> Session: Class initialized using 'CodeIgniter\Session\Handlers\FileHandler' driver.
INFO - 2023-11-29 18:34:51 --> Session: Class initialized using 'CodeIgniter\Session\Handlers\FileHandler' driver.
INFO - 2023-11-29 19:22:01 --> Session: Class initialized using 'CodeIgniter\Session\Handlers\FileHandler' driver.
INFO - 2023-11-29 19:31:15 --> Session: Class initialized using 'CodeIgniter\Session\Handlers\FileHandler' driver.
INFO - 2023-11-29 19:35:58 --> Session: Class initialized using 'CodeIgniter\Session\Handlers\FileHandler' driver.
INFO - 2023-11-29 19:36:17 --> Session: Class initialized using 'CodeIgniter\Session\Handlers\FileHandler' driver.
INFO - 2023-11-29 19:58:04 --> Session: Class initialized using 'CodeIgniter\Session\Handlers\FileHandler' driver.
INFO - 2023-11-29 19:58:41 --> Session: Class initialized using 'CodeIgniter\Session\Handlers\FileHandler' driver.
INFO - 2023-11-29 20:05:42 --> Session: Class initialized using 'CodeIgniter\Session\Handlers\FileHandler' driver.
INFO - 2023-11-29 20:05:59 --> Session: Class initialized using 'CodeIgniter\Session\Handlers\FileHandler' driver.
INFO - 2023-11-29 20:15:45 --> Session: Class initialized using 'CodeIgniter\Session\Handlers\FileHandler' driver.
INFO - 2023-11-29 20:16:44 --> Session: Class initialized using 'CodeIgniter\Session\Handlers\FileHandler' driver.
INFO - 2023-11-29 20:17:37 --> Session: Class initialized using 'CodeIgniter\Session\Handlers\FileHandler' driver.
INFO - 2023-11-29 20:19:37 --> Session: Class initialized using 'CodeIgniter\Session\Handlers\FileHandler' driver.
INFO - 2023-11-29 20:20:08 --> Session: Class initialized using 'CodeIgniter\Session\Handlers\FileHandler' driver.
INFO - 2023-11-29 20:23:45 --> Session: Class initialized using 'CodeIgniter\Session\Handlers\FileHandler' driver.
INFO - 2023-11-29 20:27:27 --> Session: Class initialized using 'CodeIgniter\Session\Handlers\FileHandler' driver.
INFO - 2023-11-29 20:27:35 --> Session: Class initialized using 'CodeIgniter\Session\Handlers\FileHandler' driver.
INFO - 2023-11-29 20:28:26 --> Session: Class initialized using 'CodeIgniter\Session\Handlers\FileHandler' driver.
INFO - 2023-11-29 20:28:51 --> Session: Class initialized using 'CodeIgniter\Session\Handlers\FileHandler' driver.
INFO - 2023-11-29 20:29:00 --> Session: Class initialized using 'CodeIgniter\Session\Handlers\FileHandler' driver.
INFO - 2023-11-29 20:35:53 --> Session: Class initialized using 'CodeIgniter\Session\Handlers\FileHandler' driver.
INFO - 2023-11-29 20:37:47 --> Session: Class initialized using 'CodeIgniter\Session\Handlers\FileHandler' driver.
INFO - 2023-11-29 20:38:43 --> Session: Class initialized using 'CodeIgniter\Session\Handlers\FileHandler' driver.
INFO - 2023-11-29 20:39:16 --> Session: Class initialized using 'CodeIgniter\Session\Handlers\FileHandler' driver.
INFO - 2023-11-29 20:39:21 --> Session: Class initialized using 'CodeIgniter\Session\Handlers\FileHandler' driver.
INFO - 2023-11-29 20:39:23 --> Session: Class initialized using 'CodeIgniter\Session\Handlers\FileHandler' driver.
INFO - 2023-11-29 20:39:27 --> Session: Class initialized using 'CodeIgniter\Session\Handlers\FileHandler' driver.
INFO - 2023-11-29 20:39:34 --> Session: Class initialized using 'CodeIgniter\Session\Handlers\FileHandler' driver.
INFO - 2023-11-29 20:39:36 --> Session: Class initialized using 'CodeIgniter\Session\Handlers\FileHandler' driver.
INFO - 2023-11-29 20:40:32 --> Session: Class initialized using 'CodeIgniter\Session\Handlers\FileHandler' driver.
INFO - 2023-11-29 20:44:19 --> Session: Class initialized using 'CodeIgniter\Session\Handlers\FileHandler' driver.
INFO - 2023-11-29 20:44:23 --> Session: Class initialized using 'CodeIgniter\Session\Handlers\FileHandler' driver.
INFO - 2023-11-29 20:44:35 --> Session: Class initialized using 'CodeIgniter\Session\Handlers\FileHandler' driver.
INFO - 2023-11-29 20:45:13 --> Session: Class initialized using 'CodeIgniter\Session\Handlers\FileHandler' driver.
INFO - 2023-11-29 20:45:36 --> Session: Class initialized using 'CodeIgniter\Session\Handlers\FileHandler' driver.
INFO - 2023-11-29 20:46:02 --> Session: Class initialized using 'CodeIgniter\Session\Handlers\FileHandler' driver.
INFO - 2023-11-29 20:46:30 --> Session: Class initialized using 'CodeIgniter\Session\Handlers\FileHandler' driver.
INFO - 2023-11-29 20:46:50 --> Session: Class initialized using 'CodeIgniter\Session\Handlers\FileHandler' driver.
INFO - 2023-11-29 20:47:44 --> Session: Class initialized using 'CodeIgniter\Session\Handlers\FileHandler' driver.
INFO - 2023-11-29 20:48:18 --> Session: Class initialized using 'CodeIgniter\Session\Handlers\FileHandler' driver.
INFO - 2023-11-29 20:55:49 --> Session: Class initialized using 'CodeIgniter\Session\Handlers\FileHandler' driver.
INFO - 2023-11-29 20:57:41 --> Session: Class initialized using 'CodeIgniter\Session\Handlers\FileHandler' driver.
INFO - 2023-11-29 20:58:30 --> Session: Class initialized using 'CodeIgniter\Session\Handlers\FileHandler' driver.
INFO - 2023-11-29 20:59:18 --> Session: Class initialized using 'CodeIgniter\Session\Handlers\FileHandler' driver.
INFO - 2023-11-29 21:01:33 --> Session: Class initialized using 'CodeIgniter\Session\Handlers\FileHandler' driver.
INFO - 2023-11-29 21:01:35 --> Session: Class initialized using 'CodeIgniter\Session\Handlers\FileHandler' driver.
INFO - 2023-11-29 21:01:39 --> Session: Class initialized using 'CodeIgniter\Session\Handlers\FileHandler' driver.
INFO - 2023-11-29 21:01:49 --> Session: Class initialized using 'CodeIgniter\Session\Handlers\FileHandler' driver.
INFO - 2023-11-29 21:02:38 --> Session: Class initialized using 'CodeIgniter\Session\Handlers\FileHandler' driver.
INFO - 2023-11-29 21:02:42 --> Session: Class initialized using 'CodeIgniter\Session\Handlers\FileHandler' driver.
INFO - 2023-11-29 21:02:46 --> Session: Class initialized using 'CodeIgniter\Session\Handlers\FileHandler' driver.
INFO - 2023-11-29 21:02:52 --> Session: Class initialized using 'CodeIgniter\Session\Handlers\FileHandler' driver.
INFO - 2023-11-29 21:03:17 --> Session: Class initialized using 'CodeIgniter\Session\Handlers\FileHandler' driver.
INFO - 2023-11-29 21:05:23 --> Session: Class initialized using 'CodeIgniter\Session\Handlers\FileHandler' driver.
INFO - 2023-11-29 21:05:33 --> Session: Class initialized using 'CodeIgniter\Session\Handlers\FileHandler' driver.
INFO - 2023-11-29 21:06:12 --> Session: Class initialized using 'CodeIgniter\Session\Handlers\FileHandler' driver.
INFO - 2023-11-29 21:06:32 --> Session: Class initialized using 'CodeIgniter\Session\Handlers\FileHandler' driver.
INFO - 2023-11-29 21:07:44 --> Session: Class initialized using 'CodeIgniter\Session\Handlers\FileHandler' driver.
INFO - 2023-11-29 21:08:22 --> Session: Class initialized using 'CodeIgniter\Session\Handlers\FileHandler' driver.
INFO - 2023-11-29 21:08:24 --> Session: Class initialized using 'CodeIgniter\Session\Handlers\FileHandler' driver.
INFO - 2023-11-29 21:09:52 --> Session: Class initialized using 'CodeIgniter\Session\Handlers\FileHandler' driver.
INFO - 2023-11-29 21:09:56 --> Session: Class initialized using 'CodeIgniter\Session\Handlers\FileHandler' driver.
INFO - 2023-11-29 21:10:00 --> Session: Class initialized using 'CodeIgniter\Session\Handlers\FileHandler' driver.
INFO - 2023-11-29 21:10:56 --> Session: Class initialized using 'CodeIgniter\Session\Handlers\FileHandler' driver.
INFO - 2023-11-29 21:11:21 --> Session: Class initialized using 'CodeIgniter\Session\Handlers\FileHandler' driver.
INFO - 2023-11-29 21:11:40 --> Session: Class initialized using 'CodeIgniter\Session\Handlers\FileHandler' driver.
INFO - 2023-11-29 21:12:11 --> Session: Class initialized using 'CodeIgniter\Session\Handlers\FileHandler' driver.
INFO - 2023-11-29 21:12:19 --> Session: Class initialized using 'CodeIgniter\Session\Handlers\FileHandler' driver.
INFO - 2023-11-29 21:12:50 --> Session: Class initialized using 'CodeIgniter\Session\Handlers\FileHandler' driver.
INFO - 2023-11-29 21:13:46 --> Session: Class initialized using 'CodeIgniter\Session\Handlers\FileHandler' driver.
INFO - 2023-11-29 21:15:10 --> Session: Class initialized using 'CodeIgniter\Session\Handlers\FileHandler' driver.
INFO - 2023-11-29 21:15:59 --> Session: Class initialized using 'CodeIgniter\Session\Handlers\FileHandler' driver.
INFO - 2023-11-29 21:16:12 --> Session: Class initialized using 'CodeIgniter\Session\Handlers\FileHandler' driver.
INFO - 2023-11-29 21:16:19 --> Session: Class initialized using 'CodeIgniter\Session\Handlers\FileHandler' driver.
INFO - 2023-11-29 21:16:30 --> Session: Class initialized using 'CodeIgniter\Session\Handlers\FileHandler' driver.
INFO - 2023-11-29 21:16:35 --> Session: Class initialized using 'CodeIgniter\Session\Handlers\FileHandler' driver.
INFO - 2023-11-29 21:16:40 --> Session: Class initialized using 'CodeIgniter\Session\Handlers\FileHandler' driver.
INFO - 2023-11-29 21:17:36 --> Session: Class initialized using 'CodeIgniter\Session\Handlers\FileHandler' driver.
INFO - 2023-11-29 21:18:09 --> Session: Class initialized using 'CodeIgniter\Session\Handlers\FileHandler' driver.
INFO - 2023-11-29 21:18:49 --> Session: Class initialized using 'CodeIgniter\Session\Handlers\FileHandler' driver.
INFO - 2023-11-29 21:18:59 --> Session: Class initialized using 'CodeIgniter\Session\Handlers\FileHandler' driver.
INFO - 2023-11-29 21:19:05 --> Session: Class initialized using 'CodeIgniter\Session\Handlers\FileHandler' driver.
INFO - 2023-11-29 21:19:27 --> Session: Class initialized using 'CodeIgniter\Session\Handlers\FileHandler' driver.
INFO - 2023-11-29 21:20:06 --> Session: Class initialized using 'CodeIgniter\Session\Handlers\FileHandler' driver.
INFO - 2023-11-29 21:20:20 --> Session: Class initialized using 'CodeIgniter\Session\Handlers\FileHandler' driver.
INFO - 2023-11-29 21:20:23 --> Session: Class initialized using 'CodeIgniter\Session\Handlers\FileHandler' driver.
INFO - 2023-11-29 21:21:09 --> Session: Class initialized using 'CodeIgniter\Session\Handlers\FileHandler' driver.
INFO - 2023-11-29 21:56:54 --> Session: Class initialized using 'CodeIgniter\Session\Handlers\FileHandler' driver.
INFO - 2023-11-29 21:56:57 --> Session: Class initialized using 'CodeIgniter\Session\Handlers\FileHandler' driver.
INFO - 2023-11-29 21:57:43 --> Session: Class initialized using 'CodeIgniter\Session\Handlers\FileHandler' driver.
INFO - 2023-11-29 22:00:14 --> Session: Class initialized using 'CodeIgniter\Session\Handlers\FileHandler' driver.
INFO - 2023-11-29 22:01:42 --> Session: Class initialized using 'CodeIgniter\Session\Handlers\FileHandler' driver.
INFO - 2023-11-29 22:03:25 --> Session: Class initialized using 'CodeIgniter\Session\Handlers\FileHandler' driver.
INFO - 2023-11-29 22:04:09 --> Session: Class initialized using 'CodeIgniter\Session\Handlers\FileHandler' driver.
INFO - 2023-11-29 22:05:59 --> Session: Class initialized using 'CodeIgniter\Session\Handlers\FileHandler' driver.
INFO - 2023-11-29 22:06:32 --> Session: Class initialized using 'CodeIgniter\Session\Handlers\FileHandler' driver.
INFO - 2023-11-29 22:06:32 --> Session: Class initialized using 'CodeIgniter\Session\Handlers\FileHandler' driver.
INFO - 2023-11-29 22:06:36 --> Session: Class initialized using 'CodeIgniter\Session\Handlers\FileHandler' driver.
INFO - 2023-11-29 22:06:36 --> Session: Class initialized using 'CodeIgniter\Session\Handlers\FileHandler' driver.
INFO - 2023-11-29 22:06:44 --> Session: Class initialized using 'CodeIgniter\Session\Handlers\FileHandler' driver.
INFO - 2023-11-29 22:09:25 --> Session: Class initialized using 'CodeIgniter\Session\Handlers\FileHandler' driver.
INFO - 2023-11-29 22:09:28 --> Session: Class initialized using 'CodeIgniter\Session\Handlers\FileHandler' driver.
INFO - 2023-11-29 22:10:01 --> Session: Class initialized using 'CodeIgniter\Session\Handlers\FileHandler' driver.
INFO - 2023-11-29 22:11:24 --> Session: Class initialized using 'CodeIgniter\Session\Handlers\FileHandler' driver.
