INFO - 2023-11-25 08:49:24 --> Session: Class initialized using 'CodeIgniter\Session\Handlers\FileHandler' driver.
CRITICAL - 2023-11-25 08:49:24 --> Trying to access array offset on value of type null
in APPPATH\Views\layouts\Template.php on line 212.
 1 APPPATH\Views\layouts\Template.php(212): CodeIgniter\Debug\Exceptions->errorHandler(2, 'Trying to access array offset on value of type null', 'C:\\xampp\\htdocs\\gki_delima\\app\\Views\\layouts\\Template.php', 212)
 2 SYSTEMPATH\View\View.php(226): include('C:\\xampp\\htdocs\\gki_delima\\app\\Views\\layouts\\Template.php')
 3 SYSTEMPATH\View\View.php(229): CodeIgniter\View\View->CodeIgniter\View\{closure}()
 4 SYSTEMPATH\View\View.php(242): CodeIgniter\View\View->render('layouts/template.php', [], true)
 5 SYSTEMPATH\Common.php(1188): CodeIgniter\View\View->render('Laporan.php', [], true)
 6 APPPATH\Controllers\Laporan.php(20): view('Laporan.php', [...])
 7 SYSTEMPATH\CodeIgniter.php(919): App\Controllers\Laporan->getIndex()
 8 SYSTEMPATH\CodeIgniter.php(494): CodeIgniter\CodeIgniter->runController(Object(App\Controllers\Laporan))
 9 SYSTEMPATH\CodeIgniter.php(353): CodeIgniter\CodeIgniter->handleRequest(null, Object(Config\Cache), false)
10 FCPATH\index.php(79): CodeIgniter\CodeIgniter->run()
INFO - 2023-11-25 09:49:11 --> Session: Class initialized using 'CodeIgniter\Session\Handlers\FileHandler' driver.
INFO - 2023-11-25 09:49:18 --> Session: Class initialized using 'CodeIgniter\Session\Handlers\FileHandler' driver.
INFO - 2023-11-25 09:49:18 --> Session: Class initialized using 'CodeIgniter\Session\Handlers\FileHandler' driver.
INFO - 2023-11-25 09:49:22 --> Session: Class initialized using 'CodeIgniter\Session\Handlers\FileHandler' driver.
CRITICAL - 2023-11-25 18:04:00 --> 28 : Failed to connect to 103.83.7.7 port 80 after 21047 ms: Timed out
in SYSTEMPATH\HTTP\CURLRequest.php on line 691.
 1 SYSTEMPATH\HTTP\CURLRequest.php(691): CodeIgniter\HTTP\Exceptions\HTTPException::forCurlError('28', 'Failed to connect to 103.83.7.7 port 80 after 21047 ms: Timed out')
 2 SYSTEMPATH\HTTP\CURLRequest.php(385): CodeIgniter\HTTP\CURLRequest->sendRequest([...])
 3 SYSTEMPATH\HTTP\CURLRequest.php(143): CodeIgniter\HTTP\CURLRequest->send('GET', 'http://103.83.7.7/gki_api/public/api/jemaat/getLaporan')
 4 APPPATH\Models\Api_Model.php(67): CodeIgniter\HTTP\CURLRequest->request('GET', 'http://103.83.7.7/gki_api/public/api/jemaat/getLaporan', [...])
 5 APPPATH\Controllers\Laporan.php(18): App\Models\Api_Model->getToApi('getLaporan')
 6 SYSTEMPATH\CodeIgniter.php(919): App\Controllers\Laporan->getIndex()
 7 SYSTEMPATH\CodeIgniter.php(494): CodeIgniter\CodeIgniter->runController(Object(App\Controllers\Laporan))
 8 SYSTEMPATH\CodeIgniter.php(353): CodeIgniter\CodeIgniter->handleRequest(null, Object(Config\Cache), false)
 9 FCPATH\index.php(79): CodeIgniter\CodeIgniter->run()
